<?xml version="1.0"?>
<!DOCTYPE coverage SYSTEM "http://cobertura.sourceforge.net/xml/coverage-04.dtd">

<coverage line-rate="0.9162995594713657" branch-rate="0.6802721088435374" lines-covered="832" lines-valid="908" branches-covered="200" branches-valid="294" complexity="2.534090909090909" version="1.9.4.1" timestamp="1361727413449">
	<sources>
		<source>--source</source>
		<source>D:/Eclipse/rep/reposit/mail/dms/src/main/java</source>
	</sources>
	<packages>
		<package name="org.dms" line-rate="0.9162995594713657" branch-rate="0.6802721088435374" complexity="2.534090909090909">
			<classes>
				<class name="org.dms.Email" filename="org/dms/Email.java" line-rate="1.0" branch-rate="1.0" complexity="1.0">
					<methods>
						<method name="&lt;init&gt;" signature="()V" line-rate="1.0" branch-rate="1.0">
							<lines>
								<line number="24" hits="620" branch="false"/>
							</lines>
						</method>
						<method name="getCreationDate" signature="()Ljava/util/Date;" line-rate="1.0" branch-rate="1.0">
							<lines>
								<line number="58" hits="10" branch="false"/>
							</lines>
						</method>
						<method name="getEaddress" signature="()Ljava/lang/String;" line-rate="1.0" branch-rate="1.0">
							<lines>
								<line number="50" hits="242" branch="false"/>
							</lines>
						</method>
						<method name="getFolders" signature="()Ljava/util/List;" line-rate="1.0" branch-rate="1.0">
							<lines>
								<line number="82" hits="163" branch="false"/>
							</lines>
						</method>
						<method name="getMessToMails" signature="()Ljava/util/List;" line-rate="1.0" branch-rate="1.0">
							<lines>
								<line number="98" hits="17" branch="false"/>
							</lines>
						</method>
						<method name="getMessages" signature="()Ljava/util/List;" line-rate="1.0" branch-rate="1.0">
							<lines>
								<line number="90" hits="10" branch="false"/>
							</lines>
						</method>
						<method name="getPassword" signature="()Ljava/lang/String;" line-rate="1.0" branch-rate="1.0">
							<lines>
								<line number="74" hits="17" branch="false"/>
							</lines>
						</method>
						<method name="getUser" signature="()Lorg/dms/User;" line-rate="1.0" branch-rate="1.0">
							<lines>
								<line number="66" hits="10" branch="false"/>
							</lines>
						</method>
						<method name="setCreationDate" signature="(Ljava/util/Date;)V" line-rate="1.0" branch-rate="1.0">
							<lines>
								<line number="62" hits="105" branch="false"/>
								<line number="63" hits="105" branch="false"/>
							</lines>
						</method>
						<method name="setEaddress" signature="(Ljava/lang/String;)V" line-rate="1.0" branch-rate="1.0">
							<lines>
								<line number="54" hits="135" branch="false"/>
								<line number="55" hits="135" branch="false"/>
							</lines>
						</method>
						<method name="setFolders" signature="(Ljava/util/List;)V" line-rate="1.0" branch-rate="1.0">
							<lines>
								<line number="86" hits="10" branch="false"/>
								<line number="87" hits="10" branch="false"/>
							</lines>
						</method>
						<method name="setMessToMails" signature="(Ljava/util/List;)V" line-rate="1.0" branch-rate="1.0">
							<lines>
								<line number="102" hits="10" branch="false"/>
								<line number="103" hits="10" branch="false"/>
							</lines>
						</method>
						<method name="setMessages" signature="(Ljava/util/List;)V" line-rate="1.0" branch-rate="1.0">
							<lines>
								<line number="94" hits="10" branch="false"/>
								<line number="95" hits="10" branch="false"/>
							</lines>
						</method>
						<method name="setPassword" signature="(Ljava/lang/String;)V" line-rate="1.0" branch-rate="1.0">
							<lines>
								<line number="78" hits="105" branch="false"/>
								<line number="79" hits="105" branch="false"/>
							</lines>
						</method>
						<method name="setUser" signature="(Lorg/dms/User;)V" line-rate="1.0" branch-rate="1.0">
							<lines>
								<line number="70" hits="105" branch="false"/>
								<line number="71" hits="105" branch="false"/>
							</lines>
						</method>
					</methods>
					<lines>
						<line number="24" hits="620" branch="false"/>
						<line number="50" hits="242" branch="false"/>
						<line number="54" hits="135" branch="false"/>
						<line number="55" hits="135" branch="false"/>
						<line number="58" hits="10" branch="false"/>
						<line number="62" hits="105" branch="false"/>
						<line number="63" hits="105" branch="false"/>
						<line number="66" hits="10" branch="false"/>
						<line number="70" hits="105" branch="false"/>
						<line number="71" hits="105" branch="false"/>
						<line number="74" hits="17" branch="false"/>
						<line number="78" hits="105" branch="false"/>
						<line number="79" hits="105" branch="false"/>
						<line number="82" hits="163" branch="false"/>
						<line number="86" hits="10" branch="false"/>
						<line number="87" hits="10" branch="false"/>
						<line number="90" hits="10" branch="false"/>
						<line number="94" hits="10" branch="false"/>
						<line number="95" hits="10" branch="false"/>
						<line number="98" hits="17" branch="false"/>
						<line number="102" hits="10" branch="false"/>
						<line number="103" hits="10" branch="false"/>
					</lines>
				</class>
				<class name="org.dms.Folder" filename="org/dms/Folder.java" line-rate="1.0" branch-rate="1.0" complexity="1.0">
					<methods>
						<method name="&lt;init&gt;" signature="()V" line-rate="1.0" branch-rate="1.0">
							<lines>
								<line number="23" hits="1426" branch="false"/>
							</lines>
						</method>
						<method name="getId" signature="()Ljava/lang/Integer;" line-rate="1.0" branch-rate="1.0">
							<lines>
								<line number="43" hits="10" branch="false"/>
							</lines>
						</method>
						<method name="getMessToFolds" signature="()Ljava/util/List;" line-rate="1.0" branch-rate="1.0">
							<lines>
								<line number="75" hits="212" branch="false"/>
							</lines>
						</method>
						<method name="getName" signature="()Ljava/lang/String;" line-rate="1.0" branch-rate="1.0">
							<lines>
								<line number="51" hits="529" branch="false"/>
							</lines>
						</method>
						<method name="getUndel" signature="()Ljava/lang/Boolean;" line-rate="1.0" branch-rate="1.0">
							<lines>
								<line number="67" hits="22" branch="false"/>
							</lines>
						</method>
						<method name="getWhose" signature="()Lorg/dms/Email;" line-rate="1.0" branch-rate="1.0">
							<lines>
								<line number="59" hits="10" branch="false"/>
							</lines>
						</method>
						<method name="setId" signature="(Ljava/lang/Integer;)V" line-rate="1.0" branch-rate="1.0">
							<lines>
								<line number="47" hits="10" branch="false"/>
								<line number="48" hits="10" branch="false"/>
							</lines>
						</method>
						<method name="setMessToFolds" signature="(Ljava/util/List;)V" line-rate="1.0" branch-rate="1.0">
							<lines>
								<line number="79" hits="10" branch="false"/>
								<line number="80" hits="10" branch="false"/>
							</lines>
						</method>
						<method name="setName" signature="(Ljava/lang/String;)V" line-rate="1.0" branch-rate="1.0">
							<lines>
								<line number="55" hits="327" branch="false"/>
								<line number="56" hits="327" branch="false"/>
							</lines>
						</method>
						<method name="setUndel" signature="(Ljava/lang/Boolean;)V" line-rate="1.0" branch-rate="1.0">
							<lines>
								<line number="71" hits="307" branch="false"/>
								<line number="72" hits="307" branch="false"/>
							</lines>
						</method>
						<method name="setWhose" signature="(Lorg/dms/Email;)V" line-rate="1.0" branch-rate="1.0">
							<lines>
								<line number="63" hits="307" branch="false"/>
								<line number="64" hits="307" branch="false"/>
							</lines>
						</method>
					</methods>
					<lines>
						<line number="23" hits="1426" branch="false"/>
						<line number="43" hits="10" branch="false"/>
						<line number="47" hits="10" branch="false"/>
						<line number="48" hits="10" branch="false"/>
						<line number="51" hits="529" branch="false"/>
						<line number="55" hits="327" branch="false"/>
						<line number="56" hits="327" branch="false"/>
						<line number="59" hits="10" branch="false"/>
						<line number="63" hits="307" branch="false"/>
						<line number="64" hits="307" branch="false"/>
						<line number="67" hits="22" branch="false"/>
						<line number="71" hits="307" branch="false"/>
						<line number="72" hits="307" branch="false"/>
						<line number="75" hits="212" branch="false"/>
						<line number="79" hits="10" branch="false"/>
						<line number="80" hits="10" branch="false"/>
					</lines>
				</class>
				<class name="org.dms.Managing" filename="org/dms/Managing.java" line-rate="0.9047619047619048" branch-rate="0.6802721088435374" complexity="8.105263157894736">
					<methods>
						<method name="&lt;clinit&gt;" signature="()V" line-rate="1.0" branch-rate="1.0">
							<lines>
								<line number="26" hits="7" branch="false"/>
								<line number="28" hits="3" branch="false"/>
							</lines>
						</method>
						<method name="&lt;init&gt;" signature="()V" line-rate="0.0" branch-rate="1.0">
							<lines>
								<line number="25" hits="0" branch="false"/>
								<line number="27" hits="0" branch="false"/>
							</lines>
						</method>
						<method name="checkUser" signature="(Ljava/lang/String;Ljava/lang/String;)Z" line-rate="0.7142857142857143" branch-rate="0.75">
							<lines>
								<line number="133" hits="11" branch="false"/>
								<line number="134" hits="11" branch="false"/>
								<line number="135" hits="17" branch="false"/>
								<line number="136" hits="6" branch="false"/>
								<line number="137" hits="6" branch="false"/>
								<line number="139" hits="11" branch="false"/>
								<line number="141" hits="17" branch="true" condition-coverage="100% (2/2)">
									<conditions>
										<condition number="0" type="jump" coverage="100%"/>
									</conditions>
								</line>
								<line number="142" hits="7" branch="false"/>
								<line number="143" hits="6" branch="true" condition-coverage="100% (2/2)">
									<conditions>
										<condition number="0" type="jump" coverage="100%"/>
									</conditions>
								</line>
								<line number="144" hits="7" branch="true" condition-coverage="50% (1/2)">
									<conditions>
										<condition number="0" type="jump" coverage="50%"/>
									</conditions>
								</line>
								<line number="145" hits="4" branch="false"/>
								<line number="146" hits="3" branch="true" condition-coverage="50% (1/2)">
									<conditions>
										<condition number="0" type="jump" coverage="50%"/>
									</conditions>
								</line>
								<line number="147" hits="3" branch="false"/>
								<line number="149" hits="0" branch="false"/>
								<line number="150" hits="0" branch="false"/>
								<line number="151" hits="0" branch="false"/>
								<line number="152" hits="11" branch="false"/>
								<line number="153" hits="0" branch="false"/>
								<line number="154" hits="6" branch="false"/>
								<line number="155" hits="0" branch="false"/>
								<line number="156" hits="0" branch="false"/>
							</lines>
						</method>
						<method name="clearTrash" signature="(Ljava/lang/String;)Z" line-rate="0.9148936170212766" branch-rate="0.5833333333333334">
							<lines>
								<line number="757" hits="10" branch="false"/>
								<line number="758" hits="10" branch="false"/>
								<line number="759" hits="10" branch="false"/>
								<line number="760" hits="10" branch="false"/>
								<line number="762" hits="10" branch="false"/>
								<line number="763" hits="10" branch="false"/>
								<line number="765" hits="16" branch="false"/>
								<line number="766" hits="6" branch="false"/>
								<line number="767" hits="16" branch="false"/>
								<line number="768" hits="25" branch="true" condition-coverage="50% (1/2)">
									<conditions>
										<condition number="0" type="jump" coverage="50%"/>
									</conditions>
								</line>
								<line number="769" hits="9" branch="true" condition-coverage="100% (2/2)">
									<conditions>
										<condition number="0" type="jump" coverage="100%"/>
									</conditions>
								</line>
								<line number="770" hits="9" branch="false"/>
								<line number="771" hits="9" branch="false"/>
								<line number="773" hits="6" branch="false"/>
								<line number="774" hits="6" branch="true" condition-coverage="50% (1/2)">
									<conditions>
										<condition number="0" type="jump" coverage="50%"/>
									</conditions>
								</line>
								<line number="775" hits="6" branch="false"/>
								<line number="776" hits="15" branch="true" condition-coverage="50% (1/2)">
									<conditions>
										<condition number="0" type="jump" coverage="50%"/>
									</conditions>
								</line>
								<line number="777" hits="9" branch="true" condition-coverage="100% (2/2)">
									<conditions>
										<condition number="0" type="jump" coverage="100%"/>
									</conditions>
								</line>
								<line number="778" hits="3" branch="false"/>
								<line number="779" hits="3" branch="false"/>
								<line number="780" hits="0" branch="false"/>
								<line number="781" hits="0" branch="true" condition-coverage="0% (0/2)">
									<conditions>
										<condition number="0" type="jump" coverage="0%"/>
									</conditions>
								</line>
								<line number="782" hits="8" branch="true" condition-coverage="100% (2/2)">
									<conditions>
										<condition number="0" type="jump" coverage="100%"/>
									</conditions>
								</line>
								<line number="783" hits="2" branch="false"/>
								<line number="784" hits="2" branch="true" condition-coverage="0% (0/2)">
									<conditions>
										<condition number="0" type="jump" coverage="0%"/>
									</conditions>
								</line>
								<line number="785" hits="2" branch="false"/>
								<line number="786" hits="2" branch="false"/>
								<line number="788" hits="2" branch="false"/>
								<line number="789" hits="2" branch="true" condition-coverage="50% (1/2)">
									<conditions>
										<condition number="0" type="jump" coverage="50%"/>
									</conditions>
								</line>
								<line number="790" hits="3" branch="false"/>
								<line number="791" hits="5" branch="false"/>
								<line number="792" hits="13" branch="true" condition-coverage="100% (2/2)">
									<conditions>
										<condition number="0" type="jump" coverage="100%"/>
									</conditions>
								</line>
								<line number="793" hits="9" branch="false"/>
								<line number="794" hits="9" branch="true" condition-coverage="50% (1/2)">
									<conditions>
										<condition number="0" type="jump" coverage="50%"/>
									</conditions>
								</line>
								<line number="795" hits="7" branch="false"/>
								<line number="796" hits="7" branch="false"/>
								<line number="797" hits="0" branch="false"/>
								<line number="798" hits="13" branch="false"/>
								<line number="799" hits="3" branch="false"/>
								<line number="800" hits="3" branch="false"/>
								<line number="801" hits="3" branch="false"/>
								<line number="802" hits="3" branch="true" condition-coverage="50% (1/2)">
									<conditions>
										<condition number="0" type="jump" coverage="50%"/>
									</conditions>
								</line>
								<line number="803" hits="45" branch="false"/>
								<line number="804" hits="45" branch="false"/>
								<line number="805" hits="42" branch="false"/>
								<line number="806" hits="48" branch="false"/>
								<line number="807" hits="0" branch="false"/>
							</lines>
						</method>
						<method name="createFolder" signature="(Ljava/lang/String;Ljava/lang/String;)Lorg/cc/SimpleFolder;" line-rate="0.9024390243902439" branch-rate="0.6428571428571429">
							<lines>
								<line number="589" hits="13" branch="false"/>
								<line number="590" hits="13" branch="false"/>
								<line number="591" hits="13" branch="false"/>
								<line number="592" hits="13" branch="false"/>
								<line number="594" hits="13" branch="false"/>
								<line number="595" hits="9" branch="false"/>
								<line number="596" hits="22" branch="false"/>
								<line number="597" hits="22" branch="false"/>
								<line number="598" hits="9" branch="false"/>
								<line number="599" hits="37" branch="true" condition-coverage="100% (2/2)">
									<conditions>
										<condition number="0" type="jump" coverage="100%"/>
									</conditions>
								</line>
								<line number="600" hits="27" branch="true" condition-coverage="50% (1/2)">
									<conditions>
										<condition number="0" type="jump" coverage="50%"/>
									</conditions>
								</line>
								<line number="601" hits="0" branch="false"/>
								<line number="602" hits="9" branch="false"/>
								<line number="603" hits="9" branch="false"/>
								<line number="605" hits="39" branch="true" condition-coverage="100% (2/2)">
									<conditions>
										<condition number="0" type="jump" coverage="100%"/>
									</conditions>
								</line>
								<line number="606" hits="18" branch="true" condition-coverage="50% (1/2)">
									<conditions>
										<condition number="0" type="jump" coverage="50%"/>
									</conditions>
								</line>
								<line number="607" hits="0" branch="false"/>
								<line number="608" hits="6" branch="false"/>
								<line number="609" hits="6" branch="false"/>
								<line number="610" hits="6" branch="false"/>
								<line number="611" hits="12" branch="true" condition-coverage="50% (1/2)">
									<conditions>
										<condition number="0" type="jump" coverage="50%"/>
									</conditions>
								</line>
								<line number="612" hits="6" branch="false"/>
								<line number="613" hits="6" branch="false"/>
								<line number="614" hits="6" branch="false"/>
								<line number="615" hits="12" branch="false"/>
								<line number="616" hits="12" branch="false"/>
								<line number="617" hits="18" branch="false"/>
								<line number="618" hits="13" branch="false"/>
								<line number="619" hits="13" branch="false"/>
								<line number="620" hits="7" branch="true" condition-coverage="50% (1/2)">
									<conditions>
										<condition number="0" type="jump" coverage="50%"/>
									</conditions>
								</line>
								<line number="621" hits="13" branch="false"/>
								<line number="622" hits="13" branch="false"/>
								<line number="623" hits="12" branch="false"/>
								<line number="624" hits="16" branch="false"/>
								<line number="625" hits="3" branch="false"/>
								<line number="626" hits="3" branch="true" condition-coverage="50% (1/2)">
									<conditions>
										<condition number="0" type="jump" coverage="50%"/>
									</conditions>
								</line>
								<line number="627" hits="3" branch="false"/>
								<line number="628" hits="3" branch="false"/>
								<line number="629" hits="0" branch="false"/>
								<line number="630" hits="9" branch="false"/>
								<line number="631" hits="0" branch="false"/>
							</lines>
						</method>
						<method name="createSession" signature="(ILjava/lang/String;)Z" line-rate="0.8" branch-rate="0.25">
							<lines>
								<line number="808" hits="42" branch="false"/>
								<line number="810" hits="42" branch="false"/>
								<line number="811" hits="42" branch="false"/>
								<line number="812" hits="42" branch="false"/>
								<line number="813" hits="42" branch="false"/>
								<line number="814" hits="42" branch="false"/>
								<line number="816" hits="42" branch="false"/>
								<line number="817" hits="42" branch="false"/>
								<line number="818" hits="21" branch="false"/>
								<line number="819" hits="21" branch="false"/>
								<line number="820" hits="21" branch="true" condition-coverage="0% (0/2)">
									<conditions>
										<condition number="0" type="jump" coverage="0%"/>
									</conditions>
								</line>
								<line number="821" hits="21" branch="false"/>
								<line number="822" hits="0" branch="false"/>
								<line number="823" hits="21" branch="false"/>
								<line number="824" hits="42" branch="false"/>
								<line number="825" hits="21" branch="false"/>
								<line number="826" hits="21" branch="false"/>
								<line number="827" hits="21" branch="false"/>
								<line number="828" hits="21" branch="false"/>
								<line number="829" hits="32" branch="false"/>
								<line number="831" hits="32" branch="false"/>
								<line number="832" hits="32" branch="false"/>
								<line number="833" hits="0" branch="false"/>
								<line number="834" hits="11" branch="false"/>
								<line number="835" hits="11" branch="true" condition-coverage="50% (1/2)">
									<conditions>
										<condition number="0" type="jump" coverage="50%"/>
									</conditions>
								</line>
								<line number="836" hits="0" branch="false"/>
								<line number="837" hits="0" branch="false"/>
								<line number="838" hits="0" branch="false"/>
								<line number="839" hits="21" branch="false"/>
								<line number="840" hits="0" branch="false"/>
							</lines>
						</method>
						<method name="createUser" signature="([Ljava/lang/String;)Ljava/lang/String;" line-rate="0.9759036144578314" branch-rate="0.75">
							<lines>
								<line number="37" hits="71" branch="false"/>
								<line number="38" hits="71" branch="false"/>
								<line number="39" hits="128" branch="false"/>
								<line number="40" hits="128" branch="false"/>
								<line number="41" hits="128" branch="false"/>
								<line number="42" hits="57" branch="false"/>
								<line number="43" hits="57" branch="false"/>
								<line number="44" hits="71" branch="false"/>
								<line number="46" hits="128" branch="true" condition-coverage="100% (2/2)">
									<conditions>
										<condition number="0" type="jump" coverage="100%"/>
									</conditions>
								</line>
								<line number="47" hits="14" branch="false"/>
								<line number="48" hits="57" branch="true" condition-coverage="100% (2/2)">
									<conditions>
										<condition number="0" type="jump" coverage="100%"/>
									</conditions>
								</line>
								<line number="49" hits="66" branch="false"/>
								<line number="51" hits="105" branch="false"/>
								<line number="52" hits="57" branch="false"/>
								<line number="53" hits="105" branch="false"/>
								<line number="54" hits="105" branch="false"/>
								<line number="55" hits="105" branch="false"/>
								<line number="56" hits="48" branch="false"/>
								<line number="57" hits="105" branch="false"/>
								<line number="58" hits="50" branch="false"/>
								<line number="59" hits="48" branch="false"/>
								<line number="60" hits="45" branch="false"/>
								<line number="61" hits="50" branch="false"/>
								<line number="62" hits="50" branch="false"/>
								<line number="63" hits="45" branch="false"/>
								<line number="64" hits="95" branch="false"/>
								<line number="65" hits="50" branch="false"/>
								<line number="66" hits="95" branch="false"/>
								<line number="67" hits="95" branch="false"/>
								<line number="68" hits="95" branch="false"/>
								<line number="69" hits="95" branch="false"/>
								<line number="70" hits="95" branch="false"/>
								<line number="71" hits="95" branch="false"/>
								<line number="72" hits="45" branch="false"/>
								<line number="73" hits="95" branch="false"/>
								<line number="74" hits="50" branch="false"/>
								<line number="75" hits="95" branch="false"/>
								<line number="76" hits="95" branch="false"/>
								<line number="77" hits="95" branch="false"/>
								<line number="78" hits="45" branch="false"/>
								<line number="79" hits="95" branch="false"/>
								<line number="80" hits="50" branch="false"/>
								<line number="81" hits="95" branch="false"/>
								<line number="82" hits="95" branch="false"/>
								<line number="83" hits="95" branch="false"/>
								<line number="84" hits="45" branch="false"/>
								<line number="85" hits="95" branch="false"/>
								<line number="86" hits="50" branch="false"/>
								<line number="87" hits="95" branch="false"/>
								<line number="88" hits="95" branch="false"/>
								<line number="89" hits="95" branch="false"/>
								<line number="90" hits="45" branch="false"/>
								<line number="91" hits="95" branch="false"/>
								<line number="93" hits="95" branch="false"/>
								<line number="94" hits="50" branch="false"/>
								<line number="95" hits="95" branch="false"/>
								<line number="96" hits="95" branch="false"/>
								<line number="97" hits="95" branch="false"/>
								<line number="98" hits="95" branch="false"/>
								<line number="99" hits="45" branch="false"/>
								<line number="100" hits="95" branch="false"/>
								<line number="101" hits="50" branch="false"/>
								<line number="102" hits="95" branch="false"/>
								<line number="103" hits="95" branch="false"/>
								<line number="104" hits="45" branch="false"/>
								<line number="105" hits="95" branch="false"/>
								<line number="106" hits="50" branch="false"/>
								<line number="107" hits="95" branch="false"/>
								<line number="108" hits="95" branch="false"/>
								<line number="109" hits="95" branch="false"/>
								<line number="110" hits="45" branch="false"/>
								<line number="111" hits="95" branch="false"/>
								<line number="112" hits="50" branch="false"/>
								<line number="113" hits="52" branch="false"/>
								<line number="114" hits="52" branch="true" condition-coverage="50% (1/2)">
									<conditions>
										<condition number="0" type="jump" coverage="50%"/>
									</conditions>
								</line>
								<line number="115" hits="10" branch="false"/>
								<line number="116" hits="10" branch="true" condition-coverage="50% (1/2)">
									<conditions>
										<condition number="0" type="jump" coverage="50%"/>
									</conditions>
								</line>
								<line number="117" hits="3" branch="false"/>
								<line number="118" hits="74" branch="false"/>
								<line number="119" hits="0" branch="false"/>
								<line number="120" hits="107" branch="false"/>
								<line number="121" hits="0" branch="false"/>
								<line number="122" hits="45" branch="false"/>
							</lines>
						</method>
						<method name="deleteFolder" signature="(Lorg/cc/SimpleFolder;Ljava/lang/String;)B" line-rate="0.9183673469387755" branch-rate="0.7916666666666666">
							<lines>
								<line number="639" hits="13" branch="false"/>
								<line number="640" hits="13" branch="false"/>
								<line number="641" hits="13" branch="false"/>
								<line number="642" hits="13" branch="false"/>
								<line number="644" hits="13" branch="false"/>
								<line number="645" hits="9" branch="false"/>
								<line number="646" hits="22" branch="false"/>
								<line number="647" hits="22" branch="false"/>
								<line number="648" hits="9" branch="false"/>
								<line number="649" hits="28" branch="true" condition-coverage="50% (1/2)">
									<conditions>
										<condition number="0" type="jump" coverage="50%"/>
									</conditions>
								</line>
								<line number="650" hits="24" branch="true" condition-coverage="100% (2/2)">
									<conditions>
										<condition number="0" type="jump" coverage="100%"/>
									</conditions>
								</line>
								<line number="651" hits="6" branch="false"/>
								<line number="652" hits="15" branch="false"/>
								<line number="653" hits="9" branch="false"/>
								<line number="655" hits="30" branch="true" condition-coverage="100% (2/2)">
									<conditions>
										<condition number="0" type="jump" coverage="100%"/>
									</conditions>
								</line>
								<line number="656" hits="18" branch="true" condition-coverage="100% (2/2)">
									<conditions>
										<condition number="0" type="jump" coverage="100%"/>
									</conditions>
								</line>
								<line number="657" hits="6" branch="false"/>
								<line number="658" hits="6" branch="false"/>
								<line number="659" hits="3" branch="false"/>
								<line number="660" hits="3" branch="true" condition-coverage="100% (2/2)">
									<conditions>
										<condition number="0" type="jump" coverage="100%"/>
									</conditions>
								</line>
								<line number="661" hits="7" branch="true" condition-coverage="100% (2/2)">
									<conditions>
										<condition number="0" type="jump" coverage="100%"/>
									</conditions>
								</line>
								<line number="662" hits="4" branch="false"/>
								<line number="663" hits="1" branch="false"/>
								<line number="665" hits="9" branch="true" condition-coverage="100% (2/2)">
									<conditions>
										<condition number="0" type="jump" coverage="100%"/>
									</conditions>
								</line>
								<line number="666" hits="5" branch="true" condition-coverage="50% (1/2)">
									<conditions>
										<condition number="0" type="jump" coverage="50%"/>
									</conditions>
								</line>
								<line number="667" hits="2" branch="false"/>
								<line number="668" hits="2" branch="true" condition-coverage="50% (1/2)">
									<conditions>
										<condition number="0" type="jump" coverage="50%"/>
									</conditions>
								</line>
								<line number="669" hits="0" branch="false"/>
								<line number="670" hits="0" branch="false"/>
								<line number="671" hits="2" branch="false"/>
								<line number="672" hits="15" branch="true" condition-coverage="100% (2/2)">
									<conditions>
										<condition number="0" type="jump" coverage="100%"/>
									</conditions>
								</line>
								<line number="673" hits="5" branch="false"/>
								<line number="674" hits="5" branch="false"/>
								<line number="675" hits="5" branch="false"/>
								<line number="676" hits="3" branch="false"/>
								<line number="677" hits="3" branch="false"/>
								<line number="678" hits="5" branch="false"/>
								<line number="679" hits="2" branch="false"/>
								<line number="680" hits="5" branch="false"/>
								<line number="681" hits="10" branch="false"/>
								<line number="682" hits="10" branch="true" condition-coverage="50% (1/2)">
									<conditions>
										<condition number="0" type="jump" coverage="50%"/>
									</conditions>
								</line>
								<line number="683" hits="10" branch="false"/>
								<line number="684" hits="10" branch="true" condition-coverage="50% (1/2)">
									<conditions>
										<condition number="0" type="jump" coverage="50%"/>
									</conditions>
								</line>
								<line number="685" hits="3" branch="false"/>
								<line number="686" hits="16" branch="false"/>
								<line number="687" hits="0" branch="false"/>
								<line number="688" hits="11" branch="false"/>
								<line number="689" hits="0" branch="false"/>
								<line number="690" hits="3" branch="false"/>
							</lines>
						</method>
						<method name="deleteMess" signature="(Lorg/cc/SimpleMessage;Ljava/lang/String;Ljava/lang/String;)Z" line-rate="0.9615384615384616" branch-rate="0.5588235294117647">
							<lines>
								<line number="529" hits="10" branch="false"/>
								<line number="530" hits="10" branch="false"/>
								<line number="531" hits="10" branch="false"/>
								<line number="532" hits="10" branch="false"/>
								<line number="534" hits="10" branch="false"/>
								<line number="535" hits="6" branch="false"/>
								<line number="536" hits="16" branch="false"/>
								<line number="537" hits="16" branch="false"/>
								<line number="538" hits="6" branch="false"/>
								<line number="539" hits="10" branch="false"/>
								<line number="540" hits="19" branch="true" condition-coverage="50% (1/2)">
									<conditions>
										<condition number="0" type="jump" coverage="50%"/>
									</conditions>
								</line>
								<line number="541" hits="3" branch="true" condition-coverage="50% (1/2)">
									<conditions>
										<condition number="0" type="jump" coverage="50%"/>
									</conditions>
								</line>
								<line number="542" hits="9" branch="false"/>
								<line number="543" hits="9" branch="false"/>
								<line number="545" hits="6" branch="false"/>
								<line number="546" hits="15" branch="true" condition-coverage="50% (1/2)">
									<conditions>
										<condition number="0" type="jump" coverage="50%"/>
									</conditions>
								</line>
								<line number="547" hits="6" branch="true" condition-coverage="50% (1/2)">
									<conditions>
										<condition number="0" type="jump" coverage="50%"/>
									</conditions>
								</line>
								<line number="548" hits="6" branch="true" condition-coverage="50% (1/2)">
									<conditions>
										<condition number="0" type="jump" coverage="50%"/>
									</conditions>
								</line>
								<line number="549" hits="6" branch="true" condition-coverage="50% (1/2)">
									<conditions>
										<condition number="0" type="jump" coverage="50%"/>
									</conditions>
								</line>
								<line number="550" hits="6" branch="false"/>
								<line number="551" hits="6" branch="true" condition-coverage="50% (1/2)">
									<conditions>
										<condition number="0" type="jump" coverage="50%"/>
									</conditions>
								</line>
								<line number="552" hits="9" branch="true" condition-coverage="50% (1/2)">
									<conditions>
										<condition number="0" type="jump" coverage="50%"/>
									</conditions>
								</line>
								<line number="553" hits="6" branch="false"/>
								<line number="554" hits="6" branch="true" condition-coverage="50% (1/2)">
									<conditions>
										<condition number="0" type="jump" coverage="50%"/>
									</conditions>
								</line>
								<line number="555" hits="6" branch="true" condition-coverage="50% (1/2)">
									<conditions>
										<condition number="0" type="jump" coverage="50%"/>
									</conditions>
								</line>
								<line number="556" hits="6" branch="false"/>
								<line number="557" hits="6" branch="true" condition-coverage="50% (1/2)">
									<conditions>
										<condition number="0" type="jump" coverage="50%"/>
									</conditions>
								</line>
								<line number="558" hits="3" branch="false"/>
								<line number="559" hits="6" branch="false"/>
								<line number="560" hits="6" branch="true" condition-coverage="50% (1/2)">
									<conditions>
										<condition number="0" type="jump" coverage="50%"/>
									</conditions>
								</line>
								<line number="561" hits="3" branch="false"/>
								<line number="562" hits="3" branch="false"/>
								<line number="563" hits="9" branch="true" condition-coverage="100% (2/2)">
									<conditions>
										<condition number="0" type="jump" coverage="100%"/>
									</conditions>
								</line>
								<line number="564" hits="3" branch="false"/>
								<line number="565" hits="6" branch="false"/>
								<line number="566" hits="3" branch="true" condition-coverage="50% (1/2)">
									<conditions>
										<condition number="0" type="jump" coverage="50%"/>
									</conditions>
								</line>
								<line number="567" hits="3" branch="false"/>
								<line number="568" hits="6" branch="false"/>
								<line number="569" hits="16" branch="true" condition-coverage="100% (2/2)">
									<conditions>
										<condition number="0" type="jump" coverage="100%"/>
									</conditions>
								</line>
								<line number="570" hits="10" branch="false"/>
								<line number="571" hits="10" branch="true" condition-coverage="50% (1/2)">
									<conditions>
										<condition number="0" type="jump" coverage="50%"/>
									</conditions>
								</line>
								<line number="572" hits="7" branch="false"/>
								<line number="573" hits="10" branch="false"/>
								<line number="574" hits="3" branch="false"/>
								<line number="575" hits="13" branch="false"/>
								<line number="576" hits="3" branch="false"/>
								<line number="577" hits="3" branch="true" condition-coverage="50% (1/2)">
									<conditions>
										<condition number="0" type="jump" coverage="50%"/>
									</conditions>
								</line>
								<line number="578" hits="3" branch="false"/>
								<line number="579" hits="3" branch="false"/>
								<line number="580" hits="0" branch="false"/>
								<line number="581" hits="6" branch="false"/>
								<line number="582" hits="0" branch="false"/>
							</lines>
						</method>
						<method name="deleteSession" signature="(I)Z" line-rate="0.8260869565217391" branch-rate="0.5">
							<lines>
								<line number="847" hits="35" branch="false"/>
								<line number="848" hits="35" branch="false"/>
								<line number="849" hits="35" branch="false"/>
								<line number="854" hits="35" branch="false"/>
								<line number="865" hits="35" branch="false"/>
								<line number="866" hits="0" branch="false"/>
								<line number="874" hits="29" branch="false"/>
								<line number="875" hits="29" branch="true" condition-coverage="100% (2/2)">
									<conditions>
										<condition number="0" type="jump" coverage="100%"/>
									</conditions>
								</line>
								<line number="876" hits="22" branch="false"/>
								<line number="877" hits="15" branch="false"/>
								<line number="879" hits="15" branch="false"/>
								<line number="881" hits="29" branch="false"/>
								<line number="882" hits="15" branch="false"/>
								<line number="884" hits="15" branch="false"/>
								<line number="885" hits="15" branch="false"/>
								<line number="886" hits="0" branch="false"/>
								<line number="887" hits="0" branch="false"/>
								<line number="888" hits="3" branch="true" condition-coverage="0% (0/2)">
									<conditions>
										<condition number="0" type="jump" coverage="0%"/>
									</conditions>
								</line>
								<line number="889" hits="3" branch="false"/>
								<line number="890" hits="3" branch="false"/>
								<line number="891" hits="0" branch="false"/>
								<line number="892" hits="15" branch="false"/>
								<line number="893" hits="3" branch="false"/>
							</lines>
						</method>
						<method name="getEverything" signature="(Ljava/lang/String;)Ljava/util/List;" line-rate="0.9636363636363636" branch-rate="0.9166666666666666">
							<lines>
								<line number="271" hits="31" branch="false"/>
								<line number="272" hits="31" branch="false"/>
								<line number="273" hits="58" branch="false"/>
								<line number="274" hits="27" branch="false"/>
								<line number="275" hits="27" branch="false"/>
								<line number="277" hits="31" branch="false"/>
								<line number="278" hits="31" branch="false"/>
								<line number="279" hits="27" branch="false"/>
								<line number="280" hits="51" branch="false"/>
								<line number="282" hits="146" branch="true" condition-coverage="100% (2/2)">
									<conditions>
										<condition number="0" type="jump" coverage="100%"/>
									</conditions>
								</line>
								<line number="283" hits="74" branch="false"/>
								<line number="284" hits="197" branch="true" condition-coverage="100% (2/2)">
									<conditions>
										<condition number="0" type="jump" coverage="100%"/>
									</conditions>
								</line>
								<line number="285" hits="149" branch="false"/>
								<line number="286" hits="149" branch="false"/>
								<line number="287" hits="75" branch="false"/>
								<line number="288" hits="251" branch="true" condition-coverage="100% (2/2)">
									<conditions>
										<condition number="0" type="jump" coverage="100%"/>
									</conditions>
								</line>
								<line number="289" hits="28" branch="false"/>
								<line number="290" hits="208" branch="true" condition-coverage="100% (2/2)">
									<conditions>
										<condition number="0" type="jump" coverage="100%"/>
									</conditions>
								</line>
								<line number="291" hits="30" branch="false"/>
								<line number="292" hits="58" branch="false"/>
								<line number="293" hits="28" branch="false"/>
								<line number="294" hits="58" branch="false"/>
								<line number="295" hits="58" branch="true" condition-coverage="100% (2/2)">
									<conditions>
										<condition number="0" type="jump" coverage="100%"/>
									</conditions>
								</line>
								<line number="296" hits="30" branch="false"/>
								<line number="297" hits="34" branch="true" condition-coverage="100% (2/2)">
									<conditions>
										<condition number="0" type="jump" coverage="100%"/>
									</conditions>
								</line>
								<line number="298" hits="4" branch="false"/>
								<line number="299" hits="10" branch="false"/>
								<line number="300" hits="18" branch="true" condition-coverage="100% (2/2)">
									<conditions>
										<condition number="0" type="jump" coverage="100%"/>
									</conditions>
								</line>
								<line number="301" hits="10" branch="false"/>
								<line number="302" hits="22" branch="true" condition-coverage="100% (2/2)">
									<conditions>
										<condition number="0" type="jump" coverage="100%"/>
									</conditions>
								</line>
								<line number="303" hits="10" branch="false"/>
								<line number="304" hits="10" branch="false"/>
								<line number="305" hits="6" branch="false"/>
								<line number="306" hits="30" branch="false"/>
								<line number="307" hits="24" branch="false"/>
								<line number="308" hits="48" branch="false"/>
								<line number="309" hits="96" branch="true" condition-coverage="100% (2/2)">
									<conditions>
										<condition number="0" type="jump" coverage="100%"/>
									</conditions>
								</line>
								<line number="310" hits="48" branch="true" condition-coverage="50% (1/2)">
									<conditions>
										<condition number="0" type="jump" coverage="50%"/>
									</conditions>
								</line>
								<line number="311" hits="96" branch="true" condition-coverage="100% (2/2)">
									<conditions>
										<condition number="0" type="jump" coverage="100%"/>
									</conditions>
								</line>
								<line number="312" hits="24" branch="true" condition-coverage="50% (1/2)">
									<conditions>
										<condition number="0" type="jump" coverage="50%"/>
									</conditions>
								</line>
								<line number="313" hits="52" branch="false"/>
								<line number="315" hits="30" branch="false"/>
								<line number="316" hits="74" branch="false"/>
								<line number="317" hits="74" branch="false"/>
								<line number="318" hits="149" branch="false"/>
								<line number="319" hits="75" branch="false"/>
								<line number="320" hits="123" branch="false"/>
								<line number="321" hits="7" branch="false"/>
								<line number="322" hits="55" branch="false"/>
								<line number="323" hits="10" branch="false"/>
								<line number="324" hits="3" branch="false"/>
								<line number="325" hits="34" branch="false"/>
								<line number="326" hits="0" branch="false"/>
								<line number="327" hits="27" branch="false"/>
								<line number="328" hits="0" branch="false"/>
							</lines>
						</method>
						<method name="getNewMessages" signature="(ILjava/lang/String;)Ljava/util/List;" line-rate="0.9482758620689655" branch-rate="0.6785714285714286">
							<lines>
								<line number="203" hits="11" branch="false"/>
								<line number="204" hits="11" branch="false"/>
								<line number="205" hits="17" branch="false"/>
								<line number="206" hits="17" branch="false"/>
								<line number="207" hits="6" branch="false"/>
								<line number="208" hits="6" branch="false"/>
								<line number="209" hits="11" branch="false"/>
								<line number="210" hits="11" branch="false"/>
								<line number="211" hits="6" branch="false"/>
								<line number="212" hits="10" branch="false"/>
								<line number="213" hits="8" branch="true" condition-coverage="50% (1/2)">
									<conditions>
										<condition number="0" type="jump" coverage="50%"/>
									</conditions>
								</line>
								<line number="214" hits="7" branch="true" condition-coverage="50% (1/2)">
									<conditions>
										<condition number="0" type="jump" coverage="50%"/>
									</conditions>
								</line>
								<line number="215" hits="10" branch="true" condition-coverage="50% (1/2)">
									<conditions>
										<condition number="0" type="jump" coverage="50%"/>
									</conditions>
								</line>
								<line number="216" hits="7" branch="true" condition-coverage="50% (1/2)">
									<conditions>
										<condition number="0" type="jump" coverage="50%"/>
									</conditions>
								</line>
								<line number="217" hits="3" branch="false"/>
								<line number="218" hits="3" branch="false"/>
								<line number="219" hits="4" branch="false"/>
								<line number="220" hits="4" branch="false"/>
								<line number="221" hits="3" branch="false"/>
								<line number="222" hits="17" branch="true" condition-coverage="100% (2/2)">
									<conditions>
										<condition number="0" type="jump" coverage="100%"/>
									</conditions>
								</line>
								<line number="223" hits="6" branch="false"/>
								<line number="224" hits="18" branch="true" condition-coverage="100% (2/2)">
									<conditions>
										<condition number="0" type="jump" coverage="100%"/>
									</conditions>
								</line>
								<line number="225" hits="6" branch="false"/>
								<line number="226" hits="12" branch="false"/>
								<line number="227" hits="6" branch="false"/>
								<line number="228" hits="12" branch="false"/>
								<line number="229" hits="12" branch="true" condition-coverage="50% (1/2)">
									<conditions>
										<condition number="0" type="jump" coverage="50%"/>
									</conditions>
								</line>
								<line number="230" hits="6" branch="false"/>
								<line number="231" hits="6" branch="true" condition-coverage="100% (2/2)">
									<conditions>
										<condition number="0" type="jump" coverage="100%"/>
									</conditions>
								</line>
								<line number="232" hits="0" branch="false"/>
								<line number="233" hits="2" branch="false"/>
								<line number="234" hits="2" branch="true" condition-coverage="0% (0/2)">
									<conditions>
										<condition number="0" type="jump" coverage="0%"/>
									</conditions>
								</line>
								<line number="235" hits="2" branch="false"/>
								<line number="236" hits="6" branch="true" condition-coverage="100% (2/2)">
									<conditions>
										<condition number="0" type="jump" coverage="100%"/>
									</conditions>
								</line>
								<line number="237" hits="2" branch="false"/>
								<line number="238" hits="2" branch="false"/>
								<line number="239" hits="2" branch="false"/>
								<line number="240" hits="8" branch="false"/>
								<line number="241" hits="6" branch="false"/>
								<line number="242" hits="10" branch="false"/>
								<line number="243" hits="22" branch="true" condition-coverage="100% (2/2)">
									<conditions>
										<condition number="0" type="jump" coverage="100%"/>
									</conditions>
								</line>
								<line number="244" hits="10" branch="true" condition-coverage="50% (1/2)">
									<conditions>
										<condition number="0" type="jump" coverage="50%"/>
									</conditions>
								</line>
								<line number="245" hits="12" branch="true" condition-coverage="100% (2/2)">
									<conditions>
										<condition number="0" type="jump" coverage="100%"/>
									</conditions>
								</line>
								<line number="246" hits="4" branch="true" condition-coverage="50% (1/2)">
									<conditions>
										<condition number="0" type="jump" coverage="50%"/>
									</conditions>
								</line>
								<line number="247" hits="6" branch="false"/>
								<line number="249" hits="6" branch="false"/>
								<line number="250" hits="4" branch="false"/>
								<line number="251" hits="8" branch="false"/>
								<line number="252" hits="7" branch="false"/>
								<line number="253" hits="10" branch="false"/>
								<line number="254" hits="10" branch="false"/>
								<line number="255" hits="10" branch="false"/>
								<line number="256" hits="3" branch="false"/>
								<line number="257" hits="14" branch="false"/>
								<line number="258" hits="0" branch="false"/>
								<line number="259" hits="10" branch="false"/>
								<line number="260" hits="0" branch="false"/>
								<line number="261" hits="3" branch="false"/>
							</lines>
						</method>
						<method name="getSessionUser" signature="(I)Ljava/lang/String;" line-rate="0.7222222222222222" branch-rate="0.25">
							<lines>
								<line number="830" hits="11" branch="false"/>
								<line number="841" hits="11" branch="false"/>
								<line number="842" hits="0" branch="false"/>
								<line number="843" hits="11" branch="false"/>
								<line number="850" hits="38" branch="false"/>
								<line number="851" hits="3" branch="false"/>
								<line number="852" hits="38" branch="false"/>
								<line number="853" hits="3" branch="false"/>
								<line number="855" hits="38" branch="false"/>
								<line number="856" hits="3" branch="true" condition-coverage="50% (1/2)">
									<conditions>
										<condition number="0" type="jump" coverage="50%"/>
									</conditions>
								</line>
								<line number="857" hits="35" branch="false"/>
								<line number="858" hits="35" branch="false"/>
								<line number="859" hits="0" branch="false"/>
								<line number="860" hits="0" branch="false"/>
								<line number="861" hits="0" branch="true" condition-coverage="0% (0/2)">
									<conditions>
										<condition number="0" type="jump" coverage="0%"/>
									</conditions>
								</line>
								<line number="862" hits="3" branch="false"/>
								<line number="863" hits="0" branch="false"/>
								<line number="864" hits="3" branch="false"/>
							</lines>
						</method>
						<method name="getSessions" signature="()Ljava/util/List;" line-rate="0.5555555555555556" branch-rate="1.0">
							<lines>
								<line number="894" hits="3" branch="false"/>
								<line number="895" hits="0" branch="false"/>
								<line number="896" hits="0" branch="false"/>
								<line number="897" hits="0" branch="false"/>
								<line number="898" hits="3" branch="false"/>
								<line number="899" hits="0" branch="false"/>
								<line number="900" hits="3" branch="false"/>
								<line number="926" hits="3" branch="false"/>
								<line number="927" hits="3" branch="false"/>
								<line number="928" hits="3" branch="false"/>
								<line number="931" hits="3" branch="false"/>
								<line number="932" hits="3" branch="false"/>
								<line number="933" hits="0" branch="false"/>
								<line number="934" hits="0" branch="false"/>
								<line number="935" hits="0" branch="false"/>
								<line number="936" hits="3" branch="false"/>
								<line number="937" hits="0" branch="false"/>
								<line number="938" hits="3" branch="false"/>
							</lines>
						</method>
						<method name="hasNewMessages" signature="(ILjava/lang/String;)I" line-rate="0.92" branch-rate="0.5">
							<lines>
								<line number="167" hits="11" branch="false"/>
								<line number="168" hits="11" branch="false"/>
								<line number="169" hits="17" branch="false"/>
								<line number="170" hits="17" branch="false"/>
								<line number="171" hits="6" branch="false"/>
								<line number="172" hits="6" branch="false"/>
								<line number="173" hits="11" branch="false"/>
								<line number="174" hits="11" branch="false"/>
								<line number="175" hits="6" branch="false"/>
								<line number="176" hits="10" branch="false"/>
								<line number="177" hits="8" branch="true" condition-coverage="50% (1/2)">
									<conditions>
										<condition number="0" type="jump" coverage="50%"/>
									</conditions>
								</line>
								<line number="178" hits="7" branch="true" condition-coverage="50% (1/2)">
									<conditions>
										<condition number="0" type="jump" coverage="50%"/>
									</conditions>
								</line>
								<line number="179" hits="10" branch="true" condition-coverage="50% (1/2)">
									<conditions>
										<condition number="0" type="jump" coverage="50%"/>
									</conditions>
								</line>
								<line number="180" hits="7" branch="true" condition-coverage="50% (1/2)">
									<conditions>
										<condition number="0" type="jump" coverage="50%"/>
									</conditions>
								</line>
								<line number="181" hits="3" branch="false"/>
								<line number="182" hits="7" branch="false"/>
								<line number="183" hits="4" branch="false"/>
								<line number="184" hits="10" branch="false"/>
								<line number="185" hits="10" branch="false"/>
								<line number="186" hits="3" branch="false"/>
								<line number="187" hits="14" branch="false"/>
								<line number="188" hits="0" branch="false"/>
								<line number="189" hits="10" branch="false"/>
								<line number="190" hits="0" branch="false"/>
								<line number="191" hits="3" branch="false"/>
							</lines>
						</method>
						<method name="moveMessage" signature="(Lorg/cc/SimpleMessage;Ljava/lang/String;Ljava/lang/String;Ljava/lang/String;)Z" line-rate="0.9574468085106383" branch-rate="0.65625">
							<lines>
								<line number="706" hits="17" branch="false"/>
								<line number="707" hits="17" branch="false"/>
								<line number="708" hits="35" branch="false"/>
								<line number="709" hits="35" branch="false"/>
								<line number="710" hits="18" branch="false"/>
								<line number="711" hits="35" branch="false"/>
								<line number="713" hits="35" branch="false"/>
								<line number="714" hits="17" branch="false"/>
								<line number="715" hits="25" branch="false"/>
								<line number="716" hits="25" branch="false"/>
								<line number="717" hits="21" branch="false"/>
								<line number="718" hits="14" branch="false"/>
								<line number="719" hits="30" branch="true" condition-coverage="50% (1/2)">
									<conditions>
										<condition number="0" type="jump" coverage="50%"/>
									</conditions>
								</line>
								<line number="720" hits="9" branch="true" condition-coverage="100% (2/2)">
									<conditions>
										<condition number="0" type="jump" coverage="100%"/>
									</conditions>
								</line>
								<line number="721" hits="47" branch="true" condition-coverage="50% (1/2)">
									<conditions>
										<condition number="0" type="jump" coverage="50%"/>
									</conditions>
								</line>
								<line number="722" hits="33" branch="true" condition-coverage="100% (2/2)">
									<conditions>
										<condition number="0" type="jump" coverage="100%"/>
									</conditions>
								</line>
								<line number="723" hits="14" branch="false"/>
								<line number="724" hits="14" branch="false"/>
								<line number="726" hits="26" branch="true" condition-coverage="50% (1/2)">
									<conditions>
										<condition number="0" type="jump" coverage="50%"/>
									</conditions>
								</line>
								<line number="727" hits="19" branch="true" condition-coverage="100% (2/2)">
									<conditions>
										<condition number="0" type="jump" coverage="100%"/>
									</conditions>
								</line>
								<line number="728" hits="60" branch="true" condition-coverage="50% (1/2)">
									<conditions>
										<condition number="0" type="jump" coverage="50%"/>
									</conditions>
								</line>
								<line number="729" hits="46" branch="true" condition-coverage="100% (2/2)">
									<conditions>
										<condition number="0" type="jump" coverage="100%"/>
									</conditions>
								</line>
								<line number="730" hits="14" branch="false"/>
								<line number="731" hits="14" branch="false"/>
								<line number="733" hits="7" branch="false"/>
								<line number="734" hits="14" branch="true" condition-coverage="50% (1/2)">
									<conditions>
										<condition number="0" type="jump" coverage="50%"/>
									</conditions>
								</line>
								<line number="735" hits="21" branch="false"/>
								<line number="736" hits="35" branch="true" condition-coverage="100% (2/2)">
									<conditions>
										<condition number="0" type="jump" coverage="100%"/>
									</conditions>
								</line>
								<line number="737" hits="21" branch="true" condition-coverage="50% (1/2)">
									<conditions>
										<condition number="0" type="jump" coverage="50%"/>
									</conditions>
								</line>
								<line number="738" hits="28" branch="true" condition-coverage="50% (1/2)">
									<conditions>
										<condition number="0" type="jump" coverage="50%"/>
									</conditions>
								</line>
								<line number="739" hits="28" branch="true" condition-coverage="50% (1/2)">
									<conditions>
										<condition number="0" type="jump" coverage="50%"/>
									</conditions>
								</line>
								<line number="740" hits="35" branch="false"/>
								<line number="741" hits="35" branch="true" condition-coverage="50% (1/2)">
									<conditions>
										<condition number="0" type="jump" coverage="50%"/>
									</conditions>
								</line>
								<line number="742" hits="14" branch="false"/>
								<line number="743" hits="14" branch="false"/>
								<line number="744" hits="7" branch="false"/>
								<line number="745" hits="7" branch="false"/>
								<line number="746" hits="24" branch="false"/>
								<line number="747" hits="24" branch="false"/>
								<line number="748" hits="14" branch="true" condition-coverage="50% (1/2)">
									<conditions>
										<condition number="0" type="jump" coverage="50%"/>
									</conditions>
								</line>
								<line number="749" hits="14" branch="false"/>
								<line number="750" hits="14" branch="true" condition-coverage="50% (1/2)">
									<conditions>
										<condition number="0" type="jump" coverage="50%"/>
									</conditions>
								</line>
								<line number="751" hits="4" branch="false"/>
								<line number="752" hits="21" branch="false"/>
								<line number="753" hits="0" branch="false"/>
								<line number="754" hits="18" branch="false"/>
								<line number="755" hits="0" branch="false"/>
							</lines>
						</method>
						<method name="sendMessage" signature="([Ljava/lang/String;Ljava/lang/String;)[Ljava/lang/Object;" line-rate="0.9615384615384616" branch-rate="0.8125">
							<lines>
								<line number="340" hits="15" branch="false"/>
								<line number="341" hits="15" branch="false"/>
								<line number="342" hits="27" branch="false"/>
								<line number="343" hits="27" branch="false"/>
								<line number="344" hits="27" branch="false"/>
								<line number="345" hits="12" branch="false"/>
								<line number="346" hits="27" branch="false"/>
								<line number="348" hits="20" branch="false"/>
								<line number="350" hits="17" branch="false"/>
								<line number="351" hits="29" branch="true" condition-coverage="100% (2/2)">
									<conditions>
										<condition number="0" type="jump" coverage="100%"/>
									</conditions>
								</line>
								<line number="352" hits="12" branch="false"/>
								<line number="353" hits="8" branch="false"/>
								<line number="354" hits="17" branch="false"/>
								<line number="355" hits="8" branch="false"/>
								<line number="356" hits="9" branch="false"/>
								<line number="357" hits="49" branch="true" condition-coverage="100% (2/2)">
									<conditions>
										<condition number="0" type="jump" coverage="100%"/>
									</conditions>
								</line>
								<line number="358" hits="24" branch="true" condition-coverage="100% (2/2)">
									<conditions>
										<condition number="0" type="jump" coverage="100%"/>
									</conditions>
								</line>
								<line number="359" hits="17" branch="false"/>
								<line number="360" hits="33" branch="true" condition-coverage="100% (2/2)">
									<conditions>
										<condition number="0" type="jump" coverage="100%"/>
									</conditions>
								</line>
								<line number="361" hits="17" branch="false"/>
								<line number="363" hits="45" branch="true" condition-coverage="100% (2/2)">
									<conditions>
										<condition number="0" type="jump" coverage="100%"/>
									</conditions>
								</line>
								<line number="364" hits="35" branch="true" condition-coverage="100% (2/2)">
									<conditions>
										<condition number="0" type="jump" coverage="100%"/>
									</conditions>
								</line>
								<line number="365" hits="17" branch="false"/>
								<line number="366" hits="35" branch="true" condition-coverage="100% (2/2)">
									<conditions>
										<condition number="0" type="jump" coverage="100%"/>
									</conditions>
								</line>
								<line number="367" hits="17" branch="false"/>
								<line number="368" hits="8" branch="false"/>
								<line number="369" hits="8" branch="false"/>
								<line number="370" hits="9" branch="false"/>
								<line number="371" hits="17" branch="false"/>
								<line number="372" hits="17" branch="false"/>
								<line number="373" hits="17" branch="false"/>
								<line number="374" hits="9" branch="false"/>
								<line number="375" hits="29" branch="true" condition-coverage="100% (2/2)">
									<conditions>
										<condition number="0" type="jump" coverage="100%"/>
									</conditions>
								</line>
								<line number="376" hits="12" branch="false"/>
								<line number="377" hits="9" branch="false"/>
								<line number="378" hits="21" branch="true" condition-coverage="75% (3/4)">
									<conditions>
										<condition number="0" type="jump" coverage="50%"/>
										<condition number="1" type="jump" coverage="100%"/>
									</conditions>
								</line>
								<line number="379" hits="17" branch="true" condition-coverage="50% (1/2)">
									<conditions>
										<condition number="0" type="jump" coverage="50%"/>
									</conditions>
								</line>
								<line number="381" hits="34" branch="true" condition-coverage="100% (2/2)">
									<conditions>
										<condition number="0" type="jump" coverage="100%"/>
									</conditions>
								</line>
								<line number="382" hits="16" branch="false"/>
								<line number="383" hits="4" branch="false"/>
								<line number="384" hits="16" branch="true" condition-coverage="75% (3/4)">
									<conditions>
										<condition number="0" type="jump" coverage="50%"/>
										<condition number="1" type="jump" coverage="100%"/>
									</conditions>
								</line>
								<line number="385" hits="8" branch="false"/>
								<line number="386" hits="4" branch="false"/>
								<line number="387" hits="7" branch="false"/>
								<line number="388" hits="7" branch="false"/>
								<line number="389" hits="7" branch="false"/>
								<line number="390" hits="7" branch="false"/>
								<line number="391" hits="10" branch="false"/>
								<line number="392" hits="7" branch="false"/>
								<line number="393" hits="7" branch="false"/>
								<line number="394" hits="3" branch="false"/>
								<line number="395" hits="7" branch="false"/>
								<line number="396" hits="7" branch="false"/>
								<line number="397" hits="7" branch="false"/>
								<line number="398" hits="7" branch="false"/>
								<line number="399" hits="7" branch="false"/>
								<line number="400" hits="4" branch="false"/>
								<line number="401" hits="7" branch="false"/>
								<line number="402" hits="7" branch="false"/>
								<line number="403" hits="3" branch="false"/>
								<line number="404" hits="7" branch="false"/>
								<line number="405" hits="7" branch="false"/>
								<line number="406" hits="7" branch="false"/>
								<line number="407" hits="7" branch="false"/>
								<line number="408" hits="3" branch="false"/>
								<line number="409" hits="4" branch="false"/>
								<line number="410" hits="7" branch="false"/>
								<line number="411" hits="7" branch="false"/>
								<line number="412" hits="7" branch="false"/>
								<line number="413" hits="7" branch="false"/>
								<line number="414" hits="4" branch="false"/>
								<line number="415" hits="3" branch="false"/>
								<line number="416" hits="11" branch="false"/>
								<line number="417" hits="3" branch="false"/>
								<line number="418" hits="11" branch="true" condition-coverage="50% (1/2)">
									<conditions>
										<condition number="0" type="jump" coverage="50%"/>
									</conditions>
								</line>
								<line number="419" hits="11" branch="false"/>
								<line number="420" hits="11" branch="false"/>
								<line number="421" hits="8" branch="false"/>
								<line number="422" hits="17" branch="false"/>
								<line number="423" hits="8" branch="false"/>
								<line number="424" hits="17" branch="true" condition-coverage="50% (1/2)">
									<conditions>
										<condition number="0" type="jump" coverage="50%"/>
									</conditions>
								</line>
								<line number="425" hits="9" branch="false"/>
								<line number="426" hits="17" branch="false"/>
								<line number="427" hits="17" branch="false"/>
								<line number="428" hits="17" branch="false"/>
								<line number="429" hits="17" branch="false"/>
								<line number="430" hits="17" branch="false"/>
								<line number="432" hits="9" branch="false"/>
								<line number="433" hits="17" branch="false"/>
								<line number="434" hits="17" branch="false"/>
								<line number="435" hits="49" branch="true" condition-coverage="100% (2/2)">
									<conditions>
										<condition number="0" type="jump" coverage="100%"/>
									</conditions>
								</line>
								<line number="436" hits="33" branch="true" condition-coverage="100% (2/2)">
									<conditions>
										<condition number="0" type="jump" coverage="100%"/>
									</conditions>
								</line>
								<line number="437" hits="8" branch="false"/>
								<line number="439" hits="9" branch="false"/>
								<line number="440" hits="17" branch="false"/>
								<line number="441" hits="53" branch="true" condition-coverage="100% (2/2)">
									<conditions>
										<condition number="0" type="jump" coverage="100%"/>
									</conditions>
								</line>
								<line number="442" hits="35" branch="true" condition-coverage="100% (2/2)">
									<conditions>
										<condition number="0" type="jump" coverage="100%"/>
									</conditions>
								</line>
								<line number="443" hits="17" branch="false"/>
								<line number="445" hits="8" branch="false"/>
								<line number="446" hits="17" branch="false"/>
								<line number="447" hits="17" branch="false"/>
								<line number="448" hits="17" branch="false"/>
								<line number="449" hits="17" branch="false"/>
								<line number="451" hits="9" branch="false"/>
								<line number="452" hits="17" branch="false"/>
								<line number="453" hits="9" branch="false"/>
								<line number="454" hits="17" branch="false"/>
								<line number="455" hits="17" branch="true" condition-coverage="50% (1/2)">
									<conditions>
										<condition number="0" type="jump" coverage="50%"/>
									</conditions>
								</line>
								<line number="456" hits="8" branch="false"/>
								<line number="457" hits="8" branch="false"/>
								<line number="458" hits="17" branch="false"/>
								<line number="459" hits="0" branch="false"/>
								<line number="460" hits="9" branch="false"/>
								<line number="461" hits="17" branch="true" condition-coverage="50% (1/2)">
									<conditions>
										<condition number="0" type="jump" coverage="50%"/>
									</conditions>
								</line>
								<line number="462" hits="25" branch="false"/>
								<line number="463" hits="9" branch="false"/>
								<line number="464" hits="16" branch="false"/>
								<line number="465" hits="7" branch="false"/>
								<line number="466" hits="7" branch="true" condition-coverage="50% (1/2)">
									<conditions>
										<condition number="0" type="jump" coverage="50%"/>
									</conditions>
								</line>
								<line number="467" hits="9" branch="false"/>
								<line number="468" hits="25" branch="false"/>
								<line number="469" hits="0" branch="false"/>
								<line number="470" hits="3" branch="false"/>
								<line number="471" hits="18" branch="false"/>
								<line number="472" hits="3" branch="true" condition-coverage="50% (1/2)">
									<conditions>
										<condition number="0" type="jump" coverage="50%"/>
									</conditions>
								</line>
								<line number="473" hits="0" branch="false"/>
								<line number="474" hits="3" branch="false"/>
								<line number="475" hits="0" branch="false"/>
								<line number="477" hits="12" branch="false"/>
								<line number="478" hits="0" branch="false"/>
							</lines>
						</method>
						<method name="sessionExists" signature="(I)Z" line-rate="0.8421052631578947" branch-rate="1.0">
							<lines>
								<line number="870" hits="14" branch="false"/>
								<line number="871" hits="14" branch="false"/>
								<line number="872" hits="14" branch="false"/>
								<line number="878" hits="0" branch="false"/>
								<line number="880" hits="0" branch="false"/>
								<line number="883" hits="7" branch="false"/>
								<line number="903" hits="6" branch="false"/>
								<line number="904" hits="20" branch="false"/>
								<line number="905" hits="20" branch="false"/>
								<line number="907" hits="20" branch="false"/>
								<line number="908" hits="6" branch="true" condition-coverage="100% (2/2)">
									<conditions>
										<condition number="0" type="jump" coverage="100%"/>
									</conditions>
								</line>
								<line number="909" hits="17" branch="false"/>
								<line number="910" hits="0" branch="false"/>
								<line number="911" hits="14" branch="false"/>
								<line number="912" hits="14" branch="false"/>
								<line number="913" hits="7" branch="false"/>
								<line number="914" hits="6" branch="false"/>
								<line number="915" hits="7" branch="false"/>
								<line number="916" hits="10" branch="false"/>
							</lines>
						</method>
						<method name="setRead" signature="(Lorg/cc/SimpleMessage;Ljava/lang/String;)Z" line-rate="0.8918918918918919" branch-rate="0.5">
							<lines>
								<line number="485" hits="11" branch="false"/>
								<line number="486" hits="11" branch="false"/>
								<line number="487" hits="11" branch="false"/>
								<line number="488" hits="11" branch="false"/>
								<line number="490" hits="11" branch="false"/>
								<line number="491" hits="6" branch="false"/>
								<line number="492" hits="17" branch="false"/>
								<line number="493" hits="17" branch="false"/>
								<line number="494" hits="6" branch="false"/>
								<line number="495" hits="15" branch="true" condition-coverage="50% (1/2)">
									<conditions>
										<condition number="0" type="jump" coverage="50%"/>
									</conditions>
								</line>
								<line number="496" hits="10" branch="false"/>
								<line number="497" hits="4" branch="true" condition-coverage="50% (1/2)">
									<conditions>
										<condition number="0" type="jump" coverage="50%"/>
									</conditions>
								</line>
								<line number="498" hits="10" branch="true" condition-coverage="50% (1/2)">
									<conditions>
										<condition number="0" type="jump" coverage="50%"/>
									</conditions>
								</line>
								<line number="499" hits="14" branch="false"/>
								<line number="500" hits="8" branch="true" condition-coverage="50% (1/2)">
									<conditions>
										<condition number="0" type="jump" coverage="50%"/>
									</conditions>
								</line>
								<line number="501" hits="13" branch="true" condition-coverage="50% (1/2)">
									<conditions>
										<condition number="0" type="jump" coverage="50%"/>
									</conditions>
								</line>
								<line number="502" hits="7" branch="false"/>
								<line number="503" hits="7" branch="true" condition-coverage="50% (1/2)">
									<conditions>
										<condition number="0" type="jump" coverage="50%"/>
									</conditions>
								</line>
								<line number="504" hits="7" branch="true" condition-coverage="50% (1/2)">
									<conditions>
										<condition number="0" type="jump" coverage="50%"/>
									</conditions>
								</line>
								<line number="505" hits="6" branch="false"/>
								<line number="506" hits="6" branch="true" condition-coverage="50% (1/2)">
									<conditions>
										<condition number="0" type="jump" coverage="50%"/>
									</conditions>
								</line>
								<line number="507" hits="3" branch="false"/>
								<line number="508" hits="3" branch="false"/>
								<line number="509" hits="10" branch="false"/>
								<line number="510" hits="10" branch="true" condition-coverage="50% (1/2)">
									<conditions>
										<condition number="0" type="jump" coverage="50%"/>
									</conditions>
								</line>
								<line number="511" hits="7" branch="false"/>
								<line number="512" hits="7" branch="false"/>
								<line number="513" hits="0" branch="false"/>
								<line number="514" hits="11" branch="false"/>
								<line number="515" hits="3" branch="false"/>
								<line number="516" hits="3" branch="true" condition-coverage="50% (1/2)">
									<conditions>
										<condition number="0" type="jump" coverage="50%"/>
									</conditions>
								</line>
								<line number="517" hits="3" branch="false"/>
								<line number="518" hits="3" branch="false"/>
								<line number="519" hits="0" branch="false"/>
								<line number="520" hits="6" branch="false"/>
								<line number="521" hits="0" branch="false"/>
								<line number="522" hits="0" branch="false"/>
							</lines>
						</method>
						<method name="undateSessionLastRequest" signature="(I)Z" line-rate="0.8518518518518519" branch-rate="0.5">
							<lines>
								<line number="906" hits="14" branch="false"/>
								<line number="917" hits="7" branch="false"/>
								<line number="918" hits="7" branch="false"/>
								<line number="919" hits="7" branch="true" condition-coverage="50% (1/2)">
									<conditions>
										<condition number="0" type="jump" coverage="50%"/>
									</conditions>
								</line>
								<line number="920" hits="7" branch="false"/>
								<line number="921" hits="7" branch="false"/>
								<line number="922" hits="0" branch="false"/>
								<line number="923" hits="14" branch="false"/>
								<line number="924" hits="0" branch="false"/>
								<line number="948" hits="6" branch="false"/>
								<line number="949" hits="6" branch="false"/>
								<line number="950" hits="6" branch="false"/>
								<line number="951" hits="6" branch="false"/>
								<line number="953" hits="6" branch="false"/>
								<line number="955" hits="6" branch="false"/>
								<line number="956" hits="6" branch="false"/>
								<line number="957" hits="3" branch="false"/>
								<line number="959" hits="3" branch="false"/>
								<line number="960" hits="3" branch="false"/>
								<line number="961" hits="3" branch="false"/>
								<line number="962" hits="3" branch="false"/>
								<line number="963" hits="3" branch="true" condition-coverage="50% (1/2)">
									<conditions>
										<condition number="0" type="jump" coverage="50%"/>
									</conditions>
								</line>
								<line number="964" hits="3" branch="false"/>
								<line number="965" hits="3" branch="false"/>
								<line number="966" hits="0" branch="false"/>
								<line number="967" hits="6" branch="false"/>
								<line number="968" hits="0" branch="false"/>
							</lines>
						</method>
						<method name="userOnline" signature="(Ljava/lang/String;)Z" line-rate="0.7142857142857143" branch-rate="1.0">
							<lines>
								<line number="980" hits="6" branch="false"/>
								<line number="981" hits="6" branch="false"/>
								<line number="982" hits="6" branch="false"/>
								<line number="985" hits="6" branch="false"/>
								<line number="986" hits="6" branch="false"/>
								<line number="987" hits="0" branch="false"/>
								<line number="988" hits="0" branch="false"/>
								<line number="989" hits="0" branch="false"/>
								<line number="990" hits="6" branch="false"/>
								<line number="991" hits="0" branch="false"/>
								<line number="992" hits="20" branch="true" condition-coverage="100% (2/2)">
									<conditions>
										<condition number="0" type="jump" coverage="100%"/>
									</conditions>
								</line>
								<line number="993" hits="11" branch="true" condition-coverage="100% (2/2)">
									<conditions>
										<condition number="0" type="jump" coverage="100%"/>
									</conditions>
								</line>
								<line number="994" hits="3" branch="false"/>
								<line number="997" hits="3" branch="false"/>
							</lines>
						</method>
					</methods>
					<lines>
						<line number="25" hits="0" branch="false"/>
						<line number="26" hits="7" branch="false"/>
						<line number="27" hits="0" branch="false"/>
						<line number="28" hits="3" branch="false"/>
						<line number="37" hits="71" branch="false"/>
						<line number="38" hits="71" branch="false"/>
						<line number="39" hits="128" branch="false"/>
						<line number="40" hits="128" branch="false"/>
						<line number="41" hits="128" branch="false"/>
						<line number="42" hits="57" branch="false"/>
						<line number="43" hits="57" branch="false"/>
						<line number="44" hits="71" branch="false"/>
						<line number="46" hits="128" branch="true" condition-coverage="100% (2/2)">
							<conditions>
								<condition number="0" type="jump" coverage="100%"/>
							</conditions>
						</line>
						<line number="47" hits="14" branch="false"/>
						<line number="48" hits="57" branch="true" condition-coverage="100% (2/2)">
							<conditions>
								<condition number="0" type="jump" coverage="100%"/>
							</conditions>
						</line>
						<line number="49" hits="66" branch="false"/>
						<line number="51" hits="105" branch="false"/>
						<line number="52" hits="57" branch="false"/>
						<line number="53" hits="105" branch="false"/>
						<line number="54" hits="105" branch="false"/>
						<line number="55" hits="105" branch="false"/>
						<line number="56" hits="48" branch="false"/>
						<line number="57" hits="105" branch="false"/>
						<line number="58" hits="50" branch="false"/>
						<line number="59" hits="48" branch="false"/>
						<line number="60" hits="45" branch="false"/>
						<line number="61" hits="50" branch="false"/>
						<line number="62" hits="50" branch="false"/>
						<line number="63" hits="45" branch="false"/>
						<line number="64" hits="95" branch="false"/>
						<line number="65" hits="50" branch="false"/>
						<line number="66" hits="95" branch="false"/>
						<line number="67" hits="95" branch="false"/>
						<line number="68" hits="95" branch="false"/>
						<line number="69" hits="95" branch="false"/>
						<line number="70" hits="95" branch="false"/>
						<line number="71" hits="95" branch="false"/>
						<line number="72" hits="45" branch="false"/>
						<line number="73" hits="95" branch="false"/>
						<line number="74" hits="50" branch="false"/>
						<line number="75" hits="95" branch="false"/>
						<line number="76" hits="95" branch="false"/>
						<line number="77" hits="95" branch="false"/>
						<line number="78" hits="45" branch="false"/>
[...]
						<line number="896" hits="0" branch="false"/>
						<line number="897" hits="0" branch="false"/>
						<line number="898" hits="3" branch="false"/>
						<line number="899" hits="0" branch="false"/>
						<line number="900" hits="3" branch="false"/>
						<line number="903" hits="6" branch="false"/>
						<line number="904" hits="20" branch="false"/>
						<line number="905" hits="20" branch="false"/>
						<line number="906" hits="14" branch="false"/>
						<line number="907" hits="20" branch="false"/>
						<line number="908" hits="6" branch="true" condition-coverage="100% (2/2)">
							<conditions>
								<condition number="0" type="jump" coverage="100%"/>
							</conditions>
						</line>
						<line number="909" hits="17" branch="false"/>
						<line number="910" hits="0" branch="false"/>
						<line number="911" hits="14" branch="false"/>
						<line number="912" hits="14" branch="false"/>
						<line number="913" hits="7" branch="false"/>
						<line number="914" hits="6" branch="false"/>
						<line number="915" hits="7" branch="false"/>
						<line number="916" hits="10" branch="false"/>
						<line number="917" hits="7" branch="false"/>
						<line number="918" hits="7" branch="false"/>
						<line number="919" hits="7" branch="true" condition-coverage="50% (1/2)">
							<conditions>
								<condition number="0" type="jump" coverage="50%"/>
							</conditions>
						</line>
						<line number="920" hits="7" branch="false"/>
						<line number="921" hits="7" branch="false"/>
						<line number="922" hits="0" branch="false"/>
						<line number="923" hits="14" branch="false"/>
						<line number="924" hits="0" branch="false"/>
						<line number="926" hits="3" branch="false"/>
						<line number="927" hits="3" branch="false"/>
						<line number="928" hits="3" branch="false"/>
						<line number="931" hits="3" branch="false"/>
						<line number="932" hits="3" branch="false"/>
						<line number="933" hits="0" branch="false"/>
						<line number="934" hits="0" branch="false"/>
						<line number="935" hits="0" branch="false"/>
						<line number="936" hits="3" branch="false"/>
						<line number="937" hits="0" branch="false"/>
						<line number="938" hits="3" branch="false"/>
						<line number="948" hits="6" branch="false"/>
						<line number="949" hits="6" branch="false"/>
						<line number="950" hits="6" branch="false"/>
						<line number="951" hits="6" branch="false"/>
						<line number="953" hits="6" branch="false"/>
						<line number="955" hits="6" branch="false"/>
						<line number="956" hits="6" branch="false"/>
						<line number="957" hits="3" branch="false"/>
						<line number="959" hits="3" branch="false"/>
						<line number="960" hits="3" branch="false"/>
						<line number="961" hits="3" branch="false"/>
						<line number="962" hits="3" branch="false"/>
						<line number="963" hits="3" branch="true" condition-coverage="50% (1/2)">
							<conditions>
								<condition number="0" type="jump" coverage="50%"/>
							</conditions>
						</line>
						<line number="964" hits="3" branch="false"/>
						<line number="965" hits="3" branch="false"/>
						<line number="966" hits="0" branch="false"/>
						<line number="967" hits="6" branch="false"/>
						<line number="968" hits="0" branch="false"/>
						<line number="980" hits="6" branch="false"/>
						<line number="981" hits="6" branch="false"/>
						<line number="982" hits="6" branch="false"/>
						<line number="985" hits="6" branch="false"/>
						<line number="986" hits="6" branch="false"/>
						<line number="987" hits="0" branch="false"/>
						<line number="988" hits="0" branch="false"/>
						<line number="989" hits="0" branch="false"/>
						<line number="990" hits="6" branch="false"/>
						<line number="991" hits="0" branch="false"/>
						<line number="992" hits="20" branch="true" condition-coverage="100% (2/2)">
							<conditions>
								<condition number="0" type="jump" coverage="100%"/>
							</conditions>
						</line>
						<line number="993" hits="11" branch="true" condition-coverage="100% (2/2)">
							<conditions>
								<condition number="0" type="jump" coverage="100%"/>
							</conditions>
						</line>
						<line number="994" hits="3" branch="false"/>
						<line number="997" hits="3" branch="false"/>
					</lines>
				</class>
				<class name="org.dms.MessToFold" filename="org/dms/MessToFold.java" line-rate="1.0" branch-rate="1.0" complexity="1.0">
					<methods>
						<method name="&lt;init&gt;" signature="()V" line-rate="1.0" branch-rate="1.0">
							<lines>
								<line number="33" hits="878" branch="false"/>
								<line number="34" hits="878" branch="false"/>
							</lines>
						</method>
						<method name="getFolder" signature="()Lorg/dms/Folder;" line-rate="1.0" branch-rate="1.0">
							<lines>
								<line number="53" hits="10" branch="false"/>
							</lines>
						</method>
						<method name="getId" signature="()Ljava/lang/Integer;" line-rate="1.0" branch-rate="1.0">
							<lines>
								<line number="37" hits="30" branch="false"/>
							</lines>
						</method>
						<method name="getMessage" signature="()Lorg/dms/Message;" line-rate="1.0" branch-rate="1.0">
							<lines>
								<line number="45" hits="114" branch="false"/>
							</lines>
						</method>
						<method name="setFolder" signature="(Lorg/dms/Folder;)V" line-rate="1.0" branch-rate="1.0">
							<lines>
								<line number="57" hits="167" branch="false"/>
								<line number="58" hits="167" branch="false"/>
							</lines>
						</method>
						<method name="setId" signature="(Ljava/lang/Integer;)V" line-rate="1.0" branch-rate="1.0">
							<lines>
								<line number="41" hits="30" branch="false"/>
								<line number="42" hits="30" branch="false"/>
							</lines>
						</method>
						<method name="setMessage" signature="(Lorg/dms/Message;)V" line-rate="1.0" branch-rate="1.0">
							<lines>
								<line number="49" hits="146" branch="false"/>
								<line number="50" hits="146" branch="false"/>
							</lines>
						</method>
					</methods>
					<lines>
						<line number="33" hits="878" branch="false"/>
						<line number="34" hits="878" branch="false"/>
						<line number="37" hits="30" branch="false"/>
						<line number="41" hits="30" branch="false"/>
						<line number="42" hits="30" branch="false"/>
						<line number="45" hits="114" branch="false"/>
						<line number="49" hits="146" branch="false"/>
						<line number="50" hits="146" branch="false"/>
						<line number="53" hits="10" branch="false"/>
						<line number="57" hits="167" branch="false"/>
						<line number="58" hits="167" branch="false"/>
					</lines>
				</class>
				<class name="org.dms.MessToMail" filename="org/dms/MessToMail.java" line-rate="1.0" branch-rate="1.0" complexity="1.0">
					<methods>
						<method name="&lt;init&gt;" signature="()V" line-rate="1.0" branch-rate="1.0">
							<lines>
								<line number="19" hits="847" branch="false"/>
							</lines>
						</method>
						<method name="getId" signature="()Ljava/lang/Integer;" line-rate="1.0" branch-rate="1.0">
							<lines>
								<line number="37" hits="20" branch="false"/>
							</lines>
						</method>
						<method name="getMessage" signature="()Lorg/dms/Message;" line-rate="1.0" branch-rate="1.0">
							<lines>
								<line number="45" hits="17" branch="false"/>
							</lines>
						</method>
						<method name="getRead" signature="()Ljava/lang/Boolean;" line-rate="1.0" branch-rate="1.0">
							<lines>
								<line number="61" hits="68" branch="false"/>
							</lines>
						</method>
						<method name="getTo" signature="()Lorg/dms/Email;" line-rate="1.0" branch-rate="1.0">
							<lines>
								<line number="53" hits="80" branch="false"/>
							</lines>
						</method>
						<method name="setId" signature="(Ljava/lang/Integer;)V" line-rate="1.0" branch-rate="1.0">
							<lines>
								<line number="41" hits="20" branch="false"/>
								<line number="42" hits="20" branch="false"/>
							</lines>
						</method>
						<method name="setMessage" signature="(Lorg/dms/Message;)V" line-rate="1.0" branch-rate="1.0">
							<lines>
								<line number="49" hits="129" branch="false"/>
								<line number="50" hits="129" branch="false"/>
							</lines>
						</method>
						<method name="setRead" signature="(Ljava/lang/Boolean;)V" line-rate="1.0" branch-rate="1.0">
							<lines>
								<line number="65" hits="146" branch="false"/>
								<line number="66" hits="146" branch="false"/>
							</lines>
						</method>
						<method name="setTo" signature="(Lorg/dms/Email;)V" line-rate="1.0" branch-rate="1.0">
							<lines>
								<line number="57" hits="129" branch="false"/>
								<line number="58" hits="129" branch="false"/>
							</lines>
						</method>
					</methods>
					<lines>
						<line number="19" hits="847" branch="false"/>
						<line number="37" hits="20" branch="false"/>
						<line number="41" hits="20" branch="false"/>
						<line number="42" hits="20" branch="false"/>
						<line number="45" hits="17" branch="false"/>
						<line number="49" hits="129" branch="false"/>
						<line number="50" hits="129" branch="false"/>
						<line number="53" hits="80" branch="false"/>
						<line number="57" hits="129" branch="false"/>
						<line number="58" hits="129" branch="false"/>
						<line number="61" hits="68" branch="false"/>
						<line number="65" hits="146" branch="false"/>
						<line number="66" hits="146" branch="false"/>
					</lines>
				</class>
				<class name="org.dms.Message" filename="org/dms/Message.java" line-rate="1.0" branch-rate="1.0" complexity="1.0">
					<methods>
						<method name="&lt;init&gt;" signature="()V" line-rate="1.0" branch-rate="1.0">
							<lines>
								<line number="25" hits="918" branch="false"/>
							</lines>
						</method>
						<method name="getAbout" signature="()Ljava/lang/String;" line-rate="1.0" branch-rate="1.0">
							<lines>
								<line number="76" hits="127" branch="false"/>
							</lines>
						</method>
						<method name="getEmail" signature="()Lorg/dms/Email;" line-rate="1.0" branch-rate="1.0">
							<lines>
								<line number="60" hits="138" branch="false"/>
							</lines>
						</method>
						<method name="getId" signature="()Ljava/lang/Integer;" line-rate="1.0" branch-rate="1.0">
							<lines>
								<line number="52" hits="10" branch="false"/>
							</lines>
						</method>
						<method name="getMessToFolds" signature="()Ljava/util/List;" line-rate="1.0" branch-rate="1.0">
							<lines>
								<line number="92" hits="20" branch="false"/>
							</lines>
						</method>
						<method name="getMessToMails" signature="()Ljava/util/List;" line-rate="1.0" branch-rate="1.0">
							<lines>
								<line number="100" hits="90" branch="false"/>
							</lines>
						</method>
						<method name="getSentDate" signature="()Ljava/util/Date;" line-rate="1.0" branch-rate="1.0">
							<lines>
								<line number="68" hits="117" branch="false"/>
							</lines>
						</method>
						<method name="getText" signature="()Ljava/lang/String;" line-rate="1.0" branch-rate="1.0">
							<lines>
								<line number="84" hits="137" branch="false"/>
							</lines>
						</method>
						<method name="setAbout" signature="(Ljava/lang/String;)V" line-rate="1.0" branch-rate="1.0">
							<lines>
								<line number="80" hits="139" branch="false"/>
								<line number="81" hits="139" branch="false"/>
							</lines>
						</method>
						<method name="setEmail" signature="(Lorg/dms/Email;)V" line-rate="1.0" branch-rate="1.0">
							<lines>
								<line number="64" hits="129" branch="false"/>
								<line number="65" hits="129" branch="false"/>
							</lines>
						</method>
						<method name="setId" signature="(Ljava/lang/Integer;)V" line-rate="1.0" branch-rate="1.0">
							<lines>
								<line number="56" hits="10" branch="false"/>
								<line number="57" hits="10" branch="false"/>
							</lines>
						</method>
						<method name="setMessToFolds" signature="(Ljava/util/List;)V" line-rate="1.0" branch-rate="1.0">
							<lines>
								<line number="96" hits="10" branch="false"/>
								<line number="97" hits="10" branch="false"/>
							</lines>
						</method>
						<method name="setMessToMails" signature="(Ljava/util/List;)V" line-rate="1.0" branch-rate="1.0">
							<lines>
								<line number="104" hits="10" branch="false"/>
								<line number="105" hits="10" branch="false"/>
							</lines>
						</method>
						<method name="setSentDate" signature="(Ljava/util/Date;)V" line-rate="1.0" branch-rate="1.0">
							<lines>
								<line number="72" hits="129" branch="false"/>
								<line number="73" hits="129" branch="false"/>
							</lines>
						</method>
						<method name="setText" signature="(Ljava/lang/String;)V" line-rate="1.0" branch-rate="1.0">
							<lines>
								<line number="88" hits="149" branch="false"/>
								<line number="89" hits="149" branch="false"/>
							</lines>
						</method>
					</methods>
					<lines>
						<line number="25" hits="918" branch="false"/>
						<line number="52" hits="10" branch="false"/>
						<line number="56" hits="10" branch="false"/>
						<line number="57" hits="10" branch="false"/>
						<line number="60" hits="138" branch="false"/>
						<line number="64" hits="129" branch="false"/>
						<line number="65" hits="129" branch="false"/>
						<line number="68" hits="117" branch="false"/>
						<line number="72" hits="129" branch="false"/>
						<line number="73" hits="129" branch="false"/>
						<line number="76" hits="127" branch="false"/>
						<line number="80" hits="139" branch="false"/>
						<line number="81" hits="139" branch="false"/>
						<line number="84" hits="137" branch="false"/>
						<line number="88" hits="149" branch="false"/>
						<line number="89" hits="149" branch="false"/>
						<line number="92" hits="20" branch="false"/>
						<line number="96" hits="10" branch="false"/>
						<line number="97" hits="10" branch="false"/>
						<line number="100" hits="90" branch="false"/>
						<line number="104" hits="10" branch="false"/>
						<line number="105" hits="10" branch="false"/>
					</lines>
				</class>
				<class name="org.dms.Session" filename="org/dms/Session.java" line-rate="1.0" branch-rate="1.0" complexity="1.0">
					<methods>
						<method name="&lt;init&gt;" signature="()V" line-rate="1.0" branch-rate="1.0">
							<lines>
								<line number="20" hits="214" branch="false"/>
							</lines>
						</method>
						<method name="getId" signature="()Ljava/lang/Integer;" line-rate="1.0" branch-rate="1.0">
							<lines>
								<line number="33" hits="10" branch="false"/>
							</lines>
						</method>
						<method name="getMail" signature="()Ljava/lang/String;" line-rate="1.0" branch-rate="1.0">
							<lines>
								<line number="41" hits="35" branch="false"/>
							</lines>
						</method>
						<method name="getTime" signature="()Ljava/util/Date;" line-rate="1.0" branch-rate="1.0">
							<lines>
								<line number="49" hits="10" branch="false"/>
							</lines>
						</method>
						<method name="setId" signature="(Ljava/lang/Integer;)V" line-rate="1.0" branch-rate="1.0">
							<lines>
								<line number="37" hits="73" branch="false"/>
								<line number="38" hits="73" branch="false"/>
							</lines>
						</method>
						<method name="setMail" signature="(Ljava/lang/String;)V" line-rate="1.0" branch-rate="1.0">
							<lines>
								<line number="45" hits="73" branch="false"/>
								<line number="46" hits="73" branch="false"/>
							</lines>
						</method>
						<method name="setTime" signature="(Ljava/util/Date;)V" line-rate="1.0" branch-rate="1.0">
							<lines>
								<line number="53" hits="83" branch="false"/>
								<line number="54" hits="83" branch="false"/>
							</lines>
						</method>
					</methods>
					<lines>
						<line number="20" hits="214" branch="false"/>
						<line number="33" hits="10" branch="false"/>
						<line number="37" hits="73" branch="false"/>
						<line number="38" hits="73" branch="false"/>
						<line number="41" hits="35" branch="false"/>
						<line number="45" hits="73" branch="false"/>
						<line number="46" hits="73" branch="false"/>
						<line number="49" hits="10" branch="false"/>
						<line number="53" hits="83" branch="false"/>
						<line number="54" hits="83" branch="false"/>
					</lines>
				</class>
				<class name="org.dms.User" filename="org/dms/User.java" line-rate="1.0" branch-rate="1.0" complexity="1.0">
					<methods>
						<method name="&lt;init&gt;" signature="()V" line-rate="1.0" branch-rate="1.0">
							<lines>
								<line number="23" hits="1161" branch="false"/>
							</lines>
						</method>
						<method name="getBirthDate" signature="()Ljava/util/Date;" line-rate="1.0" branch-rate="1.0">
							<lines>
								<line number="70" hits="10" branch="false"/>
							</lines>
						</method>
						<method name="getFirstName" signature="()Ljava/lang/String;" line-rate="1.0" branch-rate="1.0">
							<lines>
								<line number="54" hits="20" branch="false"/>
							</lines>
						</method>
						<method name="getId" signature="()Ljava/lang/Integer;" line-rate="1.0" branch-rate="1.0">
							<lines>
								<line number="46" hits="10" branch="false"/>
							</lines>
						</method>
						<method name="getLastName" signature="()Ljava/lang/String;" line-rate="1.0" branch-rate="1.0">
							<lines>
								<line number="62" hits="10" branch="false"/>
							</lines>
						</method>
						<method name="getPhone" signature="()Ljava/lang/String;" line-rate="1.0" branch-rate="1.0">
							<lines>
								<line number="78" hits="10" branch="false"/>
							</lines>
						</method>
						<method name="setBirthDate" signature="(Ljava/util/Date;)V" line-rate="1.0" branch-rate="1.0">
							<lines>
								<line number="74" hits="105" branch="false"/>
								<line number="75" hits="105" branch="false"/>
							</lines>
						</method>
						<method name="setFirstName" signature="(Ljava/lang/String;)V" line-rate="1.0" branch-rate="1.0">
							<lines>
								<line number="58" hits="125" branch="false"/>
								<line number="59" hits="125" branch="false"/>
							</lines>
						</method>
						<method name="setId" signature="(Ljava/lang/Integer;)V" line-rate="1.0" branch-rate="1.0">
							<lines>
								<line number="50" hits="10" branch="false"/>
								<line number="51" hits="10" branch="false"/>
							</lines>
						</method>
						<method name="setLastName" signature="(Ljava/lang/String;)V" line-rate="1.0" branch-rate="1.0">
							<lines>
								<line number="66" hits="115" branch="false"/>
								<line number="67" hits="115" branch="false"/>
							</lines>
						</method>
						<method name="setPhone" signature="(Ljava/lang/String;)V" line-rate="1.0" branch-rate="1.0">
							<lines>
								<line number="82" hits="105" branch="false"/>
								<line number="83" hits="105" branch="false"/>
							</lines>
						</method>
					</methods>
					<lines>
						<line number="23" hits="1161" branch="false"/>
						<line number="46" hits="10" branch="false"/>
						<line number="50" hits="10" branch="false"/>
						<line number="51" hits="10" branch="false"/>
						<line number="54" hits="20" branch="false"/>
						<line number="58" hits="125" branch="false"/>
						<line number="59" hits="125" branch="false"/>
						<line number="62" hits="10" branch="false"/>
						<line number="66" hits="115" branch="false"/>
						<line number="67" hits="115" branch="false"/>
						<line number="70" hits="10" branch="false"/>
						<line number="74" hits="105" branch="false"/>
						<line number="75" hits="105" branch="false"/>
						<line number="78" hits="10" branch="false"/>
						<line number="82" hits="105" branch="false"/>
						<line number="83" hits="105" branch="false"/>
					</lines>
				</class>
			</classes>
		</package>
	</packages>
</coverage>
