<?xml version="1.0"?>
<!DOCTYPE coverage SYSTEM "http://cobertura.sourceforge.net/xml/coverage-04.dtd">

<coverage line-rate="0.8748221906116643" branch-rate="0.6428571428571429" lines-covered="615" lines-valid="703" branches-covered="99" branches-valid="154" complexity="2.5172413793103448" version="1.9.4.1" timestamp="1361694390265">
	<sources>
		<source>--source</source>
		<source>D:/Eclipse/rep/reposit/mail/dms/src/main/java</source>
	</sources>
	<packages>
		<package name="org.dms" line-rate="0.8748221906116643" branch-rate="0.6428571428571429" complexity="2.5172413793103448">
			<classes>
				<class name="org.dms.Email" filename="org/dms/Email.java" line-rate="1.0" branch-rate="1.0" complexity="1.0">
					<methods>
						<method name="&lt;init&gt;" signature="()V" line-rate="1.0" branch-rate="1.0">
							<lines>
								<line number="24" hits="332" branch="false"/>
							</lines>
						</method>
						<method name="getCreationDate" signature="()Ljava/util/Date;" line-rate="1.0" branch-rate="1.0">
							<lines>
								<line number="58" hits="7" branch="false"/>
							</lines>
						</method>
						<method name="getEaddress" signature="()Ljava/lang/String;" line-rate="1.0" branch-rate="1.0">
							<lines>
								<line number="50" hits="126" branch="false"/>
							</lines>
						</method>
						<method name="getFolders" signature="()Ljava/util/List;" line-rate="1.0" branch-rate="1.0">
							<lines>
								<line number="82" hits="80" branch="false"/>
							</lines>
						</method>
						<method name="getMessToMails" signature="()Ljava/util/List;" line-rate="1.0" branch-rate="1.0">
							<lines>
								<line number="98" hits="11" branch="false"/>
							</lines>
						</method>
						<method name="getMessages" signature="()Ljava/util/List;" line-rate="1.0" branch-rate="1.0">
							<lines>
								<line number="90" hits="7" branch="false"/>
							</lines>
						</method>
						<method name="getPassword" signature="()Ljava/lang/String;" line-rate="1.0" branch-rate="1.0">
							<lines>
								<line number="74" hits="11" branch="false"/>
							</lines>
						</method>
						<method name="getUser" signature="()Lorg/dms/User;" line-rate="1.0" branch-rate="1.0">
							<lines>
								<line number="66" hits="7" branch="false"/>
							</lines>
						</method>
						<method name="setCreationDate" signature="(Ljava/util/Date;)V" line-rate="1.0" branch-rate="1.0">
							<lines>
								<line number="62" hits="57" branch="false"/>
								<line number="63" hits="57" branch="false"/>
							</lines>
						</method>
						<method name="setEaddress" signature="(Ljava/lang/String;)V" line-rate="1.0" branch-rate="1.0">
							<lines>
								<line number="54" hits="78" branch="false"/>
								<line number="55" hits="78" branch="false"/>
							</lines>
						</method>
						<method name="setFolders" signature="(Ljava/util/List;)V" line-rate="1.0" branch-rate="1.0">
							<lines>
								<line number="86" hits="7" branch="false"/>
								<line number="87" hits="7" branch="false"/>
							</lines>
						</method>
						<method name="setMessToMails" signature="(Ljava/util/List;)V" line-rate="1.0" branch-rate="1.0">
							<lines>
								<line number="102" hits="7" branch="false"/>
								<line number="103" hits="7" branch="false"/>
							</lines>
						</method>
						<method name="setMessages" signature="(Ljava/util/List;)V" line-rate="1.0" branch-rate="1.0">
							<lines>
								<line number="94" hits="7" branch="false"/>
								<line number="95" hits="7" branch="false"/>
							</lines>
						</method>
						<method name="setPassword" signature="(Ljava/lang/String;)V" line-rate="1.0" branch-rate="1.0">
							<lines>
								<line number="78" hits="57" branch="false"/>
								<line number="79" hits="57" branch="false"/>
							</lines>
						</method>
						<method name="setUser" signature="(Lorg/dms/User;)V" line-rate="1.0" branch-rate="1.0">
							<lines>
								<line number="70" hits="57" branch="false"/>
								<line number="71" hits="57" branch="false"/>
							</lines>
						</method>
					</methods>
					<lines>
						<line number="24" hits="332" branch="false"/>
						<line number="50" hits="126" branch="false"/>
						<line number="54" hits="78" branch="false"/>
						<line number="55" hits="78" branch="false"/>
						<line number="58" hits="7" branch="false"/>
						<line number="62" hits="57" branch="false"/>
						<line number="63" hits="57" branch="false"/>
						<line number="66" hits="7" branch="false"/>
						<line number="70" hits="57" branch="false"/>
						<line number="71" hits="57" branch="false"/>
						<line number="74" hits="11" branch="false"/>
						<line number="78" hits="57" branch="false"/>
						<line number="79" hits="57" branch="false"/>
						<line number="82" hits="80" branch="false"/>
						<line number="86" hits="7" branch="false"/>
						<line number="87" hits="7" branch="false"/>
						<line number="90" hits="7" branch="false"/>
						<line number="94" hits="7" branch="false"/>
						<line number="95" hits="7" branch="false"/>
						<line number="98" hits="11" branch="false"/>
						<line number="102" hits="7" branch="false"/>
						<line number="103" hits="7" branch="false"/>
					</lines>
				</class>
				<class name="org.dms.Folder" filename="org/dms/Folder.java" line-rate="1.0" branch-rate="1.0" complexity="1.0">
					<methods>
						<method name="&lt;init&gt;" signature="()V" line-rate="1.0" branch-rate="1.0">
							<lines>
								<line number="23" hits="781" branch="false"/>
							</lines>
						</method>
						<method name="getId" signature="()Ljava/lang/Integer;" line-rate="1.0" branch-rate="1.0">
							<lines>
								<line number="43" hits="7" branch="false"/>
							</lines>
						</method>
						<method name="getMessToFolds" signature="()Ljava/util/List;" line-rate="1.0" branch-rate="1.0">
							<lines>
								<line number="75" hits="105" branch="false"/>
							</lines>
						</method>
						<method name="getName" signature="()Ljava/lang/String;" line-rate="1.0" branch-rate="1.0">
							<lines>
								<line number="51" hits="248" branch="false"/>
							</lines>
						</method>
						<method name="getUndel" signature="()Ljava/lang/Boolean;" line-rate="1.0" branch-rate="1.0">
							<lines>
								<line number="67" hits="13" branch="false"/>
							</lines>
						</method>
						<method name="getWhose" signature="()Lorg/dms/Email;" line-rate="1.0" branch-rate="1.0">
							<lines>
								<line number="59" hits="7" branch="false"/>
							</lines>
						</method>
						<method name="setId" signature="(Ljava/lang/Integer;)V" line-rate="1.0" branch-rate="1.0">
							<lines>
								<line number="47" hits="7" branch="false"/>
								<line number="48" hits="7" branch="false"/>
							</lines>
						</method>
						<method name="setMessToFolds" signature="(Ljava/util/List;)V" line-rate="1.0" branch-rate="1.0">
							<lines>
								<line number="79" hits="7" branch="false"/>
								<line number="80" hits="7" branch="false"/>
							</lines>
						</method>
						<method name="setName" signature="(Ljava/lang/String;)V" line-rate="1.0" branch-rate="1.0">
							<lines>
								<line number="55" hits="177" branch="false"/>
								<line number="56" hits="177" branch="false"/>
							</lines>
						</method>
						<method name="setUndel" signature="(Ljava/lang/Boolean;)V" line-rate="1.0" branch-rate="1.0">
							<lines>
								<line number="71" hits="163" branch="false"/>
								<line number="72" hits="163" branch="false"/>
							</lines>
						</method>
						<method name="setWhose" signature="(Lorg/dms/Email;)V" line-rate="1.0" branch-rate="1.0">
							<lines>
								<line number="63" hits="163" branch="false"/>
								<line number="64" hits="163" branch="false"/>
							</lines>
						</method>
					</methods>
					<lines>
						<line number="23" hits="781" branch="false"/>
						<line number="43" hits="7" branch="false"/>
						<line number="47" hits="7" branch="false"/>
						<line number="48" hits="7" branch="false"/>
						<line number="51" hits="248" branch="false"/>
						<line number="55" hits="177" branch="false"/>
						<line number="56" hits="177" branch="false"/>
						<line number="59" hits="7" branch="false"/>
						<line number="63" hits="163" branch="false"/>
						<line number="64" hits="163" branch="false"/>
						<line number="67" hits="13" branch="false"/>
						<line number="71" hits="163" branch="false"/>
						<line number="72" hits="163" branch="false"/>
						<line number="75" hits="105" branch="false"/>
						<line number="79" hits="7" branch="false"/>
						<line number="80" hits="7" branch="false"/>
					</lines>
				</class>
				<class name="org.dms.Managing" filename="org/dms/Managing.java" line-rate="0.851602023608769" branch-rate="0.6428571428571429" complexity="8.333333333333334">
					<methods>
						<method name="&lt;clinit&gt;" signature="()V" line-rate="1.0" branch-rate="1.0">
							<lines>
								<line number="26" hits="7" branch="false"/>
							</lines>
						</method>
						<method name="&lt;init&gt;" signature="()V" line-rate="0.0" branch-rate="1.0">
							<lines>
								<line number="25" hits="0" branch="false"/>
							</lines>
						</method>
						<method name="checkUser" signature="(Ljava/lang/String;Ljava/lang/String;)Z" line-rate="0.6428571428571429" branch-rate="0.75">
							<lines>
								<line number="133" hits="11" branch="false"/>
								<line number="134" hits="11" branch="false"/>
								<line number="135" hits="11" branch="false"/>
								<line number="139" hits="11" branch="false"/>
								<line number="141" hits="11" branch="true" condition-coverage="100% (2/2)">
									<conditions>
										<condition number="0" type="jump" coverage="100%"/>
									</conditions>
								</line>
								<line number="142" hits="7" branch="false"/>
								<line number="144" hits="4" branch="true" condition-coverage="50% (1/2)">
									<conditions>
										<condition number="0" type="jump" coverage="50%"/>
									</conditions>
								</line>
								<line number="145" hits="4" branch="false"/>
								<line number="149" hits="0" branch="false"/>
								<line number="150" hits="0" branch="false"/>
								<line number="151" hits="0" branch="false"/>
								<line number="152" hits="11" branch="false"/>
								<line number="153" hits="0" branch="false"/>
								<line number="154" hits="0" branch="false"/>
							</lines>
						</method>
						<method name="clearTrash" signature="(Ljava/lang/String;)Z" line-rate="0.6363636363636364" branch-rate="0.4166666666666667">
							<lines>
								<line number="757" hits="10" branch="false"/>
								<line number="758" hits="10" branch="false"/>
								<line number="759" hits="10" branch="false"/>
								<line number="760" hits="10" branch="false"/>
								<line number="762" hits="10" branch="false"/>
								<line number="763" hits="10" branch="false"/>
								<line number="765" hits="10" branch="false"/>
								<line number="767" hits="10" branch="false"/>
								<line number="768" hits="19" branch="true" condition-coverage="50% (1/2)">
									<conditions>
										<condition number="0" type="jump" coverage="50%"/>
									</conditions>
								</line>
								<line number="769" hits="9" branch="true" condition-coverage="100% (2/2)">
									<conditions>
										<condition number="0" type="jump" coverage="100%"/>
									</conditions>
								</line>
								<line number="770" hits="3" branch="false"/>
								<line number="771" hits="3" branch="false"/>
								<line number="774" hits="6" branch="true" condition-coverage="50% (1/2)">
									<conditions>
										<condition number="0" type="jump" coverage="50%"/>
									</conditions>
								</line>
								<line number="775" hits="0" branch="false"/>
								<line number="776" hits="0" branch="false"/>
								<line number="777" hits="0" branch="false"/>
								<line number="778" hits="0" branch="false"/>
								<line number="780" hits="0" branch="false"/>
								<line number="781" hits="0" branch="true" condition-coverage="0% (0/2)">
									<conditions>
										<condition number="0" type="jump" coverage="0%"/>
									</conditions>
								</line>
								<line number="783" hits="0" branch="false"/>
								<line number="784" hits="0" branch="true" condition-coverage="0% (0/2)">
									<conditions>
										<condition number="0" type="jump" coverage="0%"/>
									</conditions>
								</line>
								<line number="785" hits="0" branch="false"/>
								<line number="786" hits="0" branch="false"/>
								<line number="790" hits="3" branch="false"/>
								<line number="791" hits="3" branch="false"/>
								<line number="792" hits="7" branch="false"/>
								<line number="793" hits="7" branch="false"/>
								<line number="794" hits="7" branch="true" condition-coverage="50% (1/2)">
									<conditions>
										<condition number="0" type="jump" coverage="50%"/>
									</conditions>
								</line>
								<line number="795" hits="7" branch="false"/>
								<line number="796" hits="7" branch="false"/>
								<line number="797" hits="0" branch="false"/>
								<line number="798" hits="10" branch="false"/>
								<line number="799" hits="0" branch="false"/>
							</lines>
						</method>
						<method name="createFolder" signature="(Ljava/lang/String;Ljava/lang/String;)Lorg/cc/SimpleFolder;" line-rate="0.8333333333333334" branch-rate="0.625">
							<lines>
								<line number="589" hits="13" branch="false"/>
								<line number="590" hits="13" branch="false"/>
								<line number="591" hits="13" branch="false"/>
								<line number="592" hits="13" branch="false"/>
								<line number="594" hits="13" branch="false"/>
								<line number="596" hits="13" branch="false"/>
								<line number="597" hits="13" branch="false"/>
								<line number="599" hits="37" branch="true" condition-coverage="100% (2/2)">
									<conditions>
										<condition number="0" type="jump" coverage="100%"/>
									</conditions>
								</line>
								<line number="600" hits="18" branch="true" condition-coverage="50% (1/2)">
									<conditions>
										<condition number="0" type="jump" coverage="50%"/>
									</conditions>
								</line>
								<line number="601" hits="0" branch="false"/>
								<line number="602" hits="0" branch="false"/>
								<line number="605" hits="6" branch="true" condition-coverage="50% (1/2)">
									<conditions>
										<condition number="0" type="jump" coverage="50%"/>
									</conditions>
								</line>
								<line number="606" hits="0" branch="false"/>
								<line number="608" hits="6" branch="false"/>
								<line number="609" hits="6" branch="false"/>
								<line number="610" hits="6" branch="false"/>
								<line number="611" hits="6" branch="false"/>
								<line number="612" hits="6" branch="false"/>
								<line number="613" hits="6" branch="false"/>
								<line number="615" hits="6" branch="false"/>
								<line number="616" hits="6" branch="false"/>
								<line number="617" hits="12" branch="false"/>
								<line number="618" hits="7" branch="false"/>
								<line number="619" hits="7" branch="false"/>
								<line number="620" hits="7" branch="true" condition-coverage="50% (1/2)">
									<conditions>
										<condition number="0" type="jump" coverage="50%"/>
									</conditions>
								</line>
								<line number="621" hits="7" branch="false"/>
								<line number="622" hits="7" branch="false"/>
								<line number="623" hits="0" branch="false"/>
								<line number="624" hits="13" branch="false"/>
								<line number="625" hits="0" branch="false"/>
							</lines>
						</method>
						<method name="createSession" signature="(ILjava/lang/String;)Z" line-rate="0.65" branch-rate="0.0">
							<lines>
								<line number="803" hits="42" branch="false"/>
								<line number="804" hits="42" branch="false"/>
								<line number="805" hits="42" branch="false"/>
								<line number="806" hits="42" branch="false"/>
								<line number="808" hits="42" branch="false"/>
								<line number="810" hits="42" branch="false"/>
								<line number="811" hits="42" branch="false"/>
								<line number="812" hits="42" branch="false"/>
								<line number="813" hits="42" branch="false"/>
								<line number="814" hits="42" branch="false"/>
								<line number="816" hits="42" branch="false"/>
								<line number="817" hits="42" branch="false"/>
								<line number="818" hits="0" branch="false"/>
								<line number="819" hits="0" branch="false"/>
								<line number="820" hits="0" branch="true" condition-coverage="0% (0/2)">
									<conditions>
										<condition number="0" type="jump" coverage="0%"/>
									</conditions>
								</line>
								<line number="821" hits="0" branch="false"/>
								<line number="822" hits="0" branch="false"/>
								<line number="823" hits="0" branch="false"/>
								<line number="824" hits="42" branch="false"/>
								<line number="825" hits="0" branch="false"/>
							</lines>
						</method>
						<method name="createUser" signature="([Ljava/lang/String;)Ljava/lang/String;" line-rate="0.9558823529411765" branch-rate="0.75">
							<lines>
								<line number="37" hits="71" branch="false"/>
								<line number="38" hits="71" branch="false"/>
								<line number="39" hits="71" branch="false"/>
								<line number="40" hits="71" branch="false"/>
								<line number="41" hits="71" branch="false"/>
								<line number="44" hits="71" branch="false"/>
								<line number="46" hits="71" branch="true" condition-coverage="100% (2/2)">
									<conditions>
										<condition number="0" type="jump" coverage="100%"/>
									</conditions>
								</line>
								<line number="47" hits="14" branch="false"/>
								<line number="49" hits="57" branch="false"/>
								<line number="51" hits="57" branch="false"/>
								<line number="52" hits="57" branch="false"/>
								<line number="53" hits="57" branch="false"/>
								<line number="54" hits="57" branch="false"/>
								<line number="55" hits="57" branch="false"/>
								<line number="57" hits="57" branch="false"/>
								<line number="58" hits="50" branch="false"/>
								<line number="59" hits="0" branch="false"/>
								<line number="61" hits="50" branch="false"/>
								<line number="62" hits="50" branch="false"/>
								<line number="64" hits="50" branch="false"/>
								<line number="65" hits="50" branch="false"/>
								<line number="66" hits="50" branch="false"/>
								<line number="67" hits="50" branch="false"/>
								<line number="68" hits="50" branch="false"/>
								<line number="69" hits="50" branch="false"/>
								<line number="70" hits="50" branch="false"/>
								<line number="71" hits="50" branch="false"/>
								<line number="73" hits="50" branch="false"/>
								<line number="74" hits="50" branch="false"/>
								<line number="75" hits="50" branch="false"/>
								<line number="76" hits="50" branch="false"/>
								<line number="77" hits="50" branch="false"/>
								<line number="79" hits="50" branch="false"/>
								<line number="80" hits="50" branch="false"/>
								<line number="81" hits="50" branch="false"/>
								<line number="82" hits="50" branch="false"/>
								<line number="83" hits="50" branch="false"/>
								<line number="85" hits="50" branch="false"/>
								<line number="86" hits="50" branch="false"/>
								<line number="87" hits="50" branch="false"/>
								<line number="88" hits="50" branch="false"/>
								<line number="89" hits="50" branch="false"/>
								<line number="91" hits="50" branch="false"/>
								<line number="93" hits="50" branch="false"/>
								<line number="94" hits="50" branch="false"/>
								<line number="95" hits="50" branch="false"/>
								<line number="96" hits="50" branch="false"/>
								<line number="97" hits="50" branch="false"/>
								<line number="98" hits="50" branch="false"/>
								<line number="100" hits="50" branch="false"/>
								<line number="101" hits="50" branch="false"/>
								<line number="102" hits="50" branch="false"/>
								<line number="103" hits="50" branch="false"/>
								<line number="105" hits="50" branch="false"/>
								<line number="106" hits="50" branch="false"/>
								<line number="107" hits="50" branch="false"/>
								<line number="108" hits="50" branch="false"/>
								<line number="109" hits="50" branch="false"/>
								<line number="111" hits="50" branch="false"/>
								<line number="112" hits="50" branch="false"/>
								<line number="113" hits="7" branch="false"/>
								<line number="114" hits="7" branch="true" condition-coverage="50% (1/2)">
									<conditions>
										<condition number="0" type="jump" coverage="50%"/>
									</conditions>
								</line>
								<line number="115" hits="7" branch="false"/>
								<line number="116" hits="7" branch="false"/>
								<line number="117" hits="0" branch="false"/>
								<line number="118" hits="71" branch="false"/>
								<line number="119" hits="0" branch="false"/>
								<line number="120" hits="50" branch="false"/>
							</lines>
						</method>
						<method name="deleteFolder" signature="(Lorg/cc/SimpleFolder;Ljava/lang/String;)B" line-rate="0.9" branch-rate="0.8125">
							<lines>
								<line number="639" hits="13" branch="false"/>
								<line number="640" hits="13" branch="false"/>
								<line number="641" hits="13" branch="false"/>
								<line number="642" hits="13" branch="false"/>
								<line number="644" hits="13" branch="false"/>
								<line number="646" hits="13" branch="false"/>
								<line number="647" hits="13" branch="false"/>
								<line number="649" hits="28" branch="true" condition-coverage="50% (1/2)">
									<conditions>
										<condition number="0" type="jump" coverage="50%"/>
									</conditions>
								</line>
								<line number="650" hits="15" branch="true" condition-coverage="100% (2/2)">
									<conditions>
										<condition number="0" type="jump" coverage="100%"/>
									</conditions>
								</line>
								<line number="651" hits="6" branch="false"/>
								<line number="652" hits="6" branch="false"/>
								<line number="655" hits="6" branch="true" condition-coverage="100% (2/2)">
									<conditions>
										<condition number="0" type="jump" coverage="100%"/>
									</conditions>
								</line>
								<line number="656" hits="3" branch="false"/>
								<line number="659" hits="3" branch="false"/>
								<line number="660" hits="3" branch="true" condition-coverage="100% (2/2)">
									<conditions>
										<condition number="0" type="jump" coverage="100%"/>
									</conditions>
								</line>
								<line number="661" hits="1" branch="false"/>
								<line number="662" hits="1" branch="false"/>
								<line number="663" hits="1" branch="false"/>
								<line number="665" hits="6" branch="true" condition-coverage="100% (2/2)">
									<conditions>
										<condition number="0" type="jump" coverage="100%"/>
									</conditions>
								</line>
								<line number="666" hits="2" branch="false"/>
								<line number="667" hits="2" branch="false"/>
								<line number="668" hits="2" branch="true" condition-coverage="50% (1/2)">
									<conditions>
										<condition number="0" type="jump" coverage="50%"/>
									</conditions>
								</line>
								<line number="669" hits="0" branch="false"/>
								<line number="670" hits="0" branch="false"/>
								<line number="671" hits="2" branch="false"/>
								<line number="672" hits="6" branch="true" condition-coverage="100% (2/2)">
									<conditions>
										<condition number="0" type="jump" coverage="100%"/>
									</conditions>
								</line>
								<line number="673" hits="2" branch="false"/>
								<line number="674" hits="2" branch="false"/>
								<line number="675" hits="2" branch="false"/>
								<line number="678" hits="2" branch="false"/>
								<line number="679" hits="2" branch="false"/>
								<line number="680" hits="2" branch="false"/>
								<line number="681" hits="7" branch="false"/>
								<line number="682" hits="7" branch="true" condition-coverage="50% (1/2)">
									<conditions>
										<condition number="0" type="jump" coverage="50%"/>
									</conditions>
								</line>
								<line number="683" hits="7" branch="false"/>
								<line number="684" hits="7" branch="false"/>
								<line number="685" hits="0" branch="false"/>
								<line number="686" hits="13" branch="false"/>
								<line number="687" hits="0" branch="false"/>
								<line number="688" hits="2" branch="false"/>
							</lines>
						</method>
						<method name="deleteMess" signature="(Lorg/cc/SimpleMessage;Ljava/lang/String;Ljava/lang/String;)Z" line-rate="0.9473684210526315" branch-rate="0.5555555555555556">
							<lines>
								<line number="529" hits="10" branch="false"/>
								<line number="530" hits="10" branch="false"/>
								<line number="531" hits="10" branch="false"/>
								<line number="532" hits="10" branch="false"/>
								<line number="534" hits="10" branch="false"/>
								<line number="536" hits="10" branch="false"/>
								<line number="537" hits="10" branch="false"/>
								<line number="539" hits="10" branch="false"/>
								<line number="540" hits="13" branch="true" condition-coverage="50% (1/2)">
									<conditions>
										<condition number="0" type="jump" coverage="50%"/>
									</conditions>
								</line>
								<line number="541" hits="3" branch="true" condition-coverage="50% (1/2)">
									<conditions>
										<condition number="0" type="jump" coverage="50%"/>
									</conditions>
								</line>
								<line number="542" hits="3" branch="false"/>
								<line number="543" hits="3" branch="false"/>
								<line number="546" hits="6" branch="true" condition-coverage="50% (1/2)">
									<conditions>
										<condition number="0" type="jump" coverage="50%"/>
									</conditions>
								</line>
								<line number="547" hits="3" branch="false"/>
								<line number="548" hits="3" branch="true" condition-coverage="50% (1/2)">
									<conditions>
										<condition number="0" type="jump" coverage="50%"/>
									</conditions>
								</line>
								<line number="549" hits="3" branch="true" condition-coverage="50% (1/2)">
									<conditions>
										<condition number="0" type="jump" coverage="50%"/>
									</conditions>
								</line>
								<line number="550" hits="6" branch="false"/>
								<line number="551" hits="6" branch="true" condition-coverage="50% (1/2)">
									<conditions>
										<condition number="0" type="jump" coverage="50%"/>
									</conditions>
								</line>
								<line number="552" hits="3" branch="false"/>
								<line number="553" hits="3" branch="false"/>
								<line number="554" hits="3" branch="false"/>
								<line number="555" hits="3" branch="false"/>
								<line number="559" hits="3" branch="false"/>
								<line number="560" hits="3" branch="true" condition-coverage="50% (1/2)">
									<conditions>
										<condition number="0" type="jump" coverage="50%"/>
									</conditions>
								</line>
								<line number="562" hits="3" branch="false"/>
								<line number="563" hits="9" branch="true" condition-coverage="100% (2/2)">
									<conditions>
										<condition number="0" type="jump" coverage="100%"/>
									</conditions>
								</line>
								<line number="564" hits="3" branch="false"/>
								<line number="565" hits="3" branch="false"/>
								<line number="567" hits="3" branch="false"/>
								<line number="568" hits="3" branch="false"/>
								<line number="569" hits="7" branch="false"/>
								<line number="570" hits="7" branch="false"/>
								<line number="571" hits="7" branch="true" condition-coverage="50% (1/2)">
									<conditions>
										<condition number="0" type="jump" coverage="50%"/>
									</conditions>
								</line>
								<line number="572" hits="7" branch="false"/>
								<line number="573" hits="7" branch="false"/>
								<line number="574" hits="0" branch="false"/>
								<line number="575" hits="10" branch="false"/>
								<line number="576" hits="0" branch="false"/>
							</lines>
						</method>
						<method name="deleteSession" signature="(I)Z" line-rate="0.5882352941176471" branch-rate="0.0">
							<lines>
								<line number="847" hits="35" branch="false"/>
								<line number="848" hits="35" branch="false"/>
								<line number="849" hits="35" branch="false"/>
								<line number="850" hits="35" branch="false"/>
								<line number="852" hits="35" branch="false"/>
								<line number="854" hits="35" branch="false"/>
								<line number="855" hits="35" branch="false"/>
								<line number="857" hits="35" branch="false"/>
								<line number="858" hits="35" branch="false"/>
								<line number="859" hits="0" branch="false"/>
								<line number="860" hits="0" branch="false"/>
								<line number="861" hits="0" branch="true" condition-coverage="0% (0/2)">
									<conditions>
										<condition number="0" type="jump" coverage="0%"/>
									</conditions>
								</line>
								<line number="862" hits="0" branch="false"/>
								<line number="863" hits="0" branch="false"/>
								<line number="864" hits="0" branch="false"/>
								<line number="865" hits="35" branch="false"/>
								<line number="866" hits="0" branch="false"/>
							</lines>
						</method>
						<method name="getEverything" signature="(Ljava/lang/String;)Ljava/util/List;" line-rate="0.9534883720930233" branch-rate="0.9166666666666666">
							<lines>
								<line number="271" hits="31" branch="false"/>
								<line number="272" hits="31" branch="false"/>
								<line number="273" hits="31" branch="false"/>
								<line number="277" hits="31" branch="false"/>
								<line number="278" hits="31" branch="false"/>
								<line number="280" hits="24" branch="false"/>
								<line number="282" hits="122" branch="true" condition-coverage="100% (2/2)">
									<conditions>
										<condition number="0" type="jump" coverage="100%"/>
									</conditions>
								</line>
								<line number="283" hits="74" branch="false"/>
								<line number="284" hits="74" branch="false"/>
								<line number="285" hits="74" branch="false"/>
								<line number="286" hits="74" branch="false"/>
								<line number="288" hits="176" branch="true" condition-coverage="100% (2/2)">
									<conditions>
										<condition number="0" type="jump" coverage="100%"/>
									</conditions>
								</line>
								<line number="289" hits="28" branch="false"/>
								<line number="290" hits="28" branch="false"/>
								<line number="292" hits="28" branch="false"/>
								<line number="293" hits="28" branch="false"/>
								<line number="294" hits="28" branch="false"/>
								<line number="295" hits="28" branch="true" condition-coverage="100% (2/2)">
									<conditions>
										<condition number="0" type="jump" coverage="100%"/>
									</conditions>
								</line>
								<line number="297" hits="4" branch="false"/>
								<line number="298" hits="4" branch="false"/>
								<line number="299" hits="4" branch="false"/>
								<line number="300" hits="12" branch="true" condition-coverage="100% (2/2)">
									<conditions>
										<condition number="0" type="jump" coverage="100%"/>
									</conditions>
								</line>
								<line number="301" hits="4" branch="false"/>
								<line number="302" hits="4" branch="false"/>
								<line number="303" hits="4" branch="false"/>
								<line number="304" hits="4" branch="false"/>
								<line number="306" hits="24" branch="false"/>
								<line number="307" hits="24" branch="false"/>
								<line number="308" hits="24" branch="false"/>
								<line number="309" hits="72" branch="true" condition-coverage="100% (2/2)">
									<conditions>
										<condition number="0" type="jump" coverage="100%"/>
									</conditions>
								</line>
								<line number="310" hits="24" branch="true" condition-coverage="50% (1/2)">
									<conditions>
										<condition number="0" type="jump" coverage="50%"/>
									</conditions>
								</line>
								<line number="311" hits="24" branch="false"/>
								<line number="313" hits="28" branch="false"/>
								<line number="316" hits="74" branch="false"/>
								<line number="317" hits="74" branch="false"/>
								<line number="318" hits="74" branch="false"/>
								<line number="320" hits="48" branch="false"/>
								<line number="321" hits="7" branch="false"/>
								<line number="322" hits="7" branch="false"/>
								<line number="323" hits="7" branch="false"/>
								<line number="324" hits="0" branch="false"/>
								<line number="325" hits="31" branch="false"/>
								<line number="326" hits="0" branch="false"/>
							</lines>
						</method>
						<method name="getNewMessages" signature="(ILjava/lang/String;)Ljava/util/List;" line-rate="0.7555555555555555" branch-rate="0.5714285714285714">
							<lines>
								<line number="203" hits="11" branch="false"/>
								<line number="204" hits="11" branch="false"/>
								<line number="205" hits="11" branch="false"/>
								<line number="206" hits="11" branch="false"/>
								<line number="209" hits="11" branch="false"/>
								<line number="210" hits="11" branch="false"/>
								<line number="212" hits="4" branch="false"/>
								<line number="213" hits="8" branch="true" condition-coverage="50% (1/2)">
									<conditions>
										<condition number="0" type="jump" coverage="50%"/>
									</conditions>
								</line>
								<line number="214" hits="4" branch="true" condition-coverage="50% (1/2)">
									<conditions>
										<condition number="0" type="jump" coverage="50%"/>
									</conditions>
								</line>
								<line number="215" hits="4" branch="false"/>
								<line number="216" hits="4" branch="false"/>
								<line number="219" hits="4" branch="false"/>
								<line number="220" hits="4" branch="false"/>
								<line number="222" hits="14" branch="true" condition-coverage="100% (2/2)">
									<conditions>
										<condition number="0" type="jump" coverage="100%"/>
									</conditions>
								</line>
								<line number="223" hits="6" branch="false"/>
								<line number="224" hits="6" branch="false"/>
								<line number="226" hits="6" branch="false"/>
								<line number="227" hits="6" branch="false"/>
								<line number="228" hits="6" branch="false"/>
								<line number="229" hits="6" branch="true" condition-coverage="50% (1/2)">
									<conditions>
										<condition number="0" type="jump" coverage="50%"/>
									</conditions>
								</line>
								<line number="231" hits="0" branch="false"/>
								<line number="232" hits="0" branch="false"/>
								<line number="233" hits="0" branch="false"/>
								<line number="234" hits="0" branch="true" condition-coverage="0% (0/2)">
									<conditions>
										<condition number="0" type="jump" coverage="0%"/>
									</conditions>
								</line>
								<line number="235" hits="0" branch="false"/>
								<line number="236" hits="0" branch="false"/>
								<line number="237" hits="0" branch="false"/>
								<line number="238" hits="0" branch="false"/>
								<line number="240" hits="6" branch="false"/>
								<line number="241" hits="6" branch="false"/>
								<line number="242" hits="6" branch="false"/>
								<line number="243" hits="18" branch="true" condition-coverage="100% (2/2)">
									<conditions>
										<condition number="0" type="jump" coverage="100%"/>
									</conditions>
								</line>
								<line number="244" hits="6" branch="true" condition-coverage="50% (1/2)">
									<conditions>
										<condition number="0" type="jump" coverage="50%"/>
									</conditions>
								</line>
								<line number="245" hits="0" branch="false"/>
								<line number="247" hits="6" branch="false"/>
								<line number="250" hits="4" branch="false"/>
								<line number="251" hits="8" branch="false"/>
								<line number="252" hits="4" branch="false"/>
								<line number="253" hits="4" branch="false"/>
								<line number="254" hits="7" branch="false"/>
								<line number="255" hits="7" branch="false"/>
								<line number="256" hits="0" branch="false"/>
								<line number="257" hits="11" branch="false"/>
								<line number="258" hits="0" branch="false"/>
								<line number="259" hits="4" branch="false"/>
							</lines>
						</method>
						<method name="getSessionUser" signature="(I)Ljava/lang/String;" line-rate="0.5714285714285714" branch-rate="0.5">
							<lines>
								<line number="829" hits="11" branch="false"/>
								<line number="830" hits="11" branch="false"/>
								<line number="831" hits="11" branch="false"/>
								<line number="832" hits="11" branch="false"/>
								<line number="834" hits="11" branch="false"/>
								<line number="835" hits="11" branch="true" condition-coverage="50% (1/2)">
									<conditions>
										<condition number="0" type="jump" coverage="50%"/>
									</conditions>
								</line>
								<line number="836" hits="0" branch="false"/>
								<line number="837" hits="0" branch="false"/>
								<line number="838" hits="0" branch="false"/>
								<line number="839" hits="0" branch="false"/>
								<line number="840" hits="0" branch="false"/>
								<line number="841" hits="11" branch="false"/>
								<line number="842" hits="0" branch="false"/>
								<line number="843" hits="11" branch="false"/>
							</lines>
						</method>
						<method name="getSessions" signature="()Ljava/util/List;" line-rate="0.6363636363636364" branch-rate="1.0">
							<lines>
								<line number="888" hits="3" branch="false"/>
								<line number="889" hits="3" branch="false"/>
								<line number="890" hits="3" branch="false"/>
								<line number="893" hits="3" branch="false"/>
								<line number="894" hits="3" branch="false"/>
								<line number="895" hits="0" branch="false"/>
								<line number="896" hits="0" branch="false"/>
								<line number="897" hits="0" branch="false"/>
								<line number="898" hits="3" branch="false"/>
								<line number="899" hits="0" branch="false"/>
								<line number="900" hits="3" branch="false"/>
							</lines>
						</method>
						<method name="hasNewMessages" signature="(ILjava/lang/String;)I" line-rate="0.8947368421052632" branch-rate="0.5">
							<lines>
								<line number="167" hits="11" branch="false"/>
								<line number="168" hits="11" branch="false"/>
								<line number="169" hits="11" branch="false"/>
								<line number="170" hits="11" branch="false"/>
								<line number="173" hits="11" branch="false"/>
								<line number="174" hits="11" branch="false"/>
								<line number="176" hits="4" branch="false"/>
								<line number="177" hits="8" branch="true" condition-coverage="50% (1/2)">
									<conditions>
										<condition number="0" type="jump" coverage="50%"/>
									</conditions>
								</line>
								<line number="178" hits="4" branch="true" condition-coverage="50% (1/2)">
									<conditions>
										<condition number="0" type="jump" coverage="50%"/>
									</conditions>
								</line>
								<line number="179" hits="4" branch="false"/>
								<line number="180" hits="4" branch="false"/>
								<line number="182" hits="4" branch="false"/>
								<line number="183" hits="4" branch="false"/>
								<line number="184" hits="7" branch="false"/>
								<line number="185" hits="7" branch="false"/>
								<line number="186" hits="0" branch="false"/>
								<line number="187" hits="11" branch="false"/>
								<line number="188" hits="0" branch="false"/>
								<line number="189" hits="4" branch="false"/>
							</lines>
						</method>
						<method name="moveMessage" signature="(Lorg/cc/SimpleMessage;Ljava/lang/String;Ljava/lang/String;Ljava/lang/String;)Z" line-rate="0.9459459459459459" branch-rate="0.6111111111111112">
							<lines>
								<line number="706" hits="17" branch="false"/>
								<line number="707" hits="17" branch="false"/>
								<line number="708" hits="17" branch="false"/>
								<line number="709" hits="17" branch="false"/>
								<line number="711" hits="17" branch="false"/>
								<line number="713" hits="17" branch="false"/>
								<line number="714" hits="17" branch="false"/>
								<line number="715" hits="7" branch="false"/>
								<line number="716" hits="7" branch="false"/>
								<line number="717" hits="7" branch="false"/>
								<line number="719" hits="16" branch="true" condition-coverage="50% (1/2)">
									<conditions>
										<condition number="0" type="jump" coverage="50%"/>
									</conditions>
								</line>
								<line number="720" hits="9" branch="true" condition-coverage="100% (2/2)">
									<conditions>
										<condition number="0" type="jump" coverage="100%"/>
									</conditions>
								</line>
								<line number="721" hits="7" branch="false"/>
								<line number="722" hits="7" branch="false"/>
								<line number="726" hits="26" branch="true" condition-coverage="50% (1/2)">
									<conditions>
										<condition number="0" type="jump" coverage="50%"/>
									</conditions>
								</line>
								<line number="727" hits="19" branch="true" condition-coverage="100% (2/2)">
									<conditions>
										<condition number="0" type="jump" coverage="100%"/>
									</conditions>
								</line>
								<line number="728" hits="7" branch="false"/>
								<line number="729" hits="7" branch="false"/>
								<line number="733" hits="7" branch="false"/>
								<line number="734" hits="14" branch="true" condition-coverage="50% (1/2)">
									<conditions>
										<condition number="0" type="jump" coverage="50%"/>
									</conditions>
								</line>
								<line number="735" hits="7" branch="false"/>
								<line number="736" hits="7" branch="true" condition-coverage="50% (1/2)">
									<conditions>
										<condition number="0" type="jump" coverage="50%"/>
									</conditions>
								</line>
								<line number="737" hits="7" branch="true" condition-coverage="50% (1/2)">
									<conditions>
										<condition number="0" type="jump" coverage="50%"/>
									</conditions>
								</line>
								<line number="738" hits="14" branch="false"/>
								<line number="739" hits="14" branch="true" condition-coverage="50% (1/2)">
									<conditions>
										<condition number="0" type="jump" coverage="50%"/>
									</conditions>
								</line>
								<line number="740" hits="7" branch="false"/>
								<line number="741" hits="7" branch="false"/>
								<line number="744" hits="7" branch="false"/>
								<line number="745" hits="7" branch="false"/>
								<line number="746" hits="10" branch="false"/>
								<line number="747" hits="10" branch="false"/>
								<line number="748" hits="10" branch="true" condition-coverage="50% (1/2)">
									<conditions>
										<condition number="0" type="jump" coverage="50%"/>
									</conditions>
								</line>
								<line number="749" hits="10" branch="false"/>
								<line number="750" hits="10" branch="false"/>
								<line number="751" hits="0" branch="false"/>
								<line number="752" hits="17" branch="false"/>
								<line number="753" hits="0" branch="false"/>
							</lines>
						</method>
						<method name="sendMessage" signature="([Ljava/lang/String;Ljava/lang/String;)[Ljava/lang/Object;" line-rate="0.9619047619047619" branch-rate="0.7916666666666666">
							<lines>
								<line number="340" hits="15" branch="false"/>
								<line number="341" hits="15" branch="false"/>
								<line number="342" hits="15" branch="false"/>
								<line number="343" hits="15" branch="false"/>
								<line number="344" hits="15" branch="false"/>
								<line number="346" hits="15" branch="false"/>
								<line number="348" hits="8" branch="false"/>
								<line number="350" hits="8" branch="false"/>
								<line number="351" hits="8" branch="false"/>
								<line number="353" hits="8" branch="false"/>
								<line number="354" hits="8" branch="false"/>
								<line number="355" hits="8" branch="false"/>
								<line number="357" hits="40" branch="true" condition-coverage="100% (2/2)">
									<conditions>
										<condition number="0" type="jump" coverage="100%"/>
									</conditions>
								</line>
								<line number="358" hits="24" branch="true" condition-coverage="100% (2/2)">
									<conditions>
										<condition number="0" type="jump" coverage="100%"/>
									</conditions>
								</line>
								<line number="359" hits="8" branch="false"/>
								<line number="360" hits="24" branch="true" condition-coverage="100% (2/2)">
									<conditions>
										<condition number="0" type="jump" coverage="100%"/>
									</conditions>
								</line>
								<line number="361" hits="8" branch="false"/>
								<line number="364" hits="8" branch="false"/>
								<line number="365" hits="8" branch="false"/>
								<line number="366" hits="8" branch="false"/>
								<line number="367" hits="8" branch="false"/>
								<line number="368" hits="8" branch="false"/>
								<line number="369" hits="8" branch="false"/>
								<line number="371" hits="8" branch="false"/>
								<line number="372" hits="8" branch="false"/>
								<line number="373" hits="8" branch="false"/>
								<line number="375" hits="20" branch="true" condition-coverage="100% (2/2)">
									<conditions>
										<condition number="0" type="jump" coverage="100%"/>
									</conditions>
								</line>
								<line number="376" hits="12" branch="false"/>
								<line number="378" hits="12" branch="true" condition-coverage="75% (3/4)">
									<conditions>
										<condition number="0" type="jump" coverage="50%"/>
										<condition number="1" type="jump" coverage="100%"/>
									</conditions>
								</line>
								<line number="379" hits="8" branch="true" condition-coverage="50% (1/2)">
									<conditions>
										<condition number="0" type="jump" coverage="50%"/>
									</conditions>
								</line>
								<line number="381" hits="4" branch="false"/>
								<line number="382" hits="4" branch="false"/>
								<line number="383" hits="4" branch="false"/>
								<line number="384" hits="4" branch="false"/>
								<line number="385" hits="8" branch="false"/>
								<line number="386" hits="4" branch="false"/>
								<line number="387" hits="4" branch="false"/>
								<line number="388" hits="4" branch="false"/>
								<line number="389" hits="4" branch="false"/>
								<line number="390" hits="4" branch="false"/>
								<line number="391" hits="4" branch="false"/>
								<line number="392" hits="4" branch="false"/>
								<line number="393" hits="4" branch="false"/>
								<line number="395" hits="4" branch="false"/>
								<line number="396" hits="4" branch="false"/>
								<line number="397" hits="4" branch="false"/>
								<line number="398" hits="4" branch="false"/>
								<line number="399" hits="4" branch="false"/>
								<line number="400" hits="4" branch="false"/>
								<line number="401" hits="4" branch="false"/>
								<line number="402" hits="4" branch="false"/>
								<line number="404" hits="4" branch="false"/>
								<line number="405" hits="4" branch="false"/>
								<line number="406" hits="4" branch="false"/>
								<line number="407" hits="4" branch="false"/>
								<line number="409" hits="4" branch="false"/>
								<line number="410" hits="4" branch="false"/>
								<line number="411" hits="4" branch="false"/>
								<line number="412" hits="4" branch="false"/>
								<line number="413" hits="4" branch="false"/>
								<line number="414" hits="4" branch="false"/>
								<line number="416" hits="8" branch="false"/>
								<line number="418" hits="8" branch="true" condition-coverage="50% (1/2)">
									<conditions>
										<condition number="0" type="jump" coverage="50%"/>
									</conditions>
								</line>
								<line number="419" hits="8" branch="false"/>
								<line number="420" hits="8" branch="false"/>
								<line number="421" hits="8" branch="false"/>
								<line number="422" hits="8" branch="false"/>
								<line number="423" hits="8" branch="false"/>
								<line number="424" hits="8" branch="false"/>
								<line number="426" hits="8" branch="false"/>
								<line number="427" hits="8" branch="false"/>
								<line number="428" hits="8" branch="false"/>
								<line number="429" hits="8" branch="false"/>
								<line number="430" hits="8" branch="false"/>
								<line number="433" hits="8" branch="false"/>
								<line number="434" hits="8" branch="false"/>
								<line number="435" hits="40" branch="true" condition-coverage="100% (2/2)">
									<conditions>
										<condition number="0" type="jump" coverage="100%"/>
									</conditions>
								</line>
								<line number="436" hits="24" branch="true" condition-coverage="100% (2/2)">
									<conditions>
										<condition number="0" type="jump" coverage="100%"/>
									</conditions>
								</line>
								<line number="437" hits="8" branch="false"/>
								<line number="440" hits="8" branch="false"/>
								<line number="441" hits="8" branch="false"/>
								<line number="442" hits="8" branch="false"/>
								<line number="443" hits="8" branch="false"/>
								<line number="445" hits="8" branch="false"/>
								<line number="446" hits="8" branch="false"/>
								<line number="447" hits="8" branch="false"/>
								<line number="448" hits="8" branch="false"/>
								<line number="449" hits="8" branch="false"/>
								<line number="452" hits="8" branch="false"/>
								<line number="454" hits="8" branch="false"/>
								<line number="455" hits="8" branch="true" condition-coverage="50% (1/2)">
									<conditions>
										<condition number="0" type="jump" coverage="50%"/>
									</conditions>
								</line>
								<line number="456" hits="8" branch="false"/>
								<line number="457" hits="8" branch="false"/>
								<line number="458" hits="8" branch="false"/>
								<line number="459" hits="0" branch="false"/>
								<line number="461" hits="8" branch="false"/>
								<line number="462" hits="16" branch="false"/>
								<line number="464" hits="7" branch="false"/>
								<line number="465" hits="7" branch="false"/>
								<line number="466" hits="7" branch="true" condition-coverage="50% (1/2)">
									<conditions>
										<condition number="0" type="jump" coverage="50%"/>
									</conditions>
								</line>
								<line number="467" hits="0" branch="false"/>
								<line number="468" hits="7" branch="false"/>
								<line number="469" hits="0" branch="false"/>
								<line number="471" hits="15" branch="false"/>
								<line number="472" hits="0" branch="false"/>
							</lines>
						</method>
						<method name="sessionExists" signature="(I)Z" line-rate="0.6153846153846154" branch-rate="1.0">
							<lines>
								<line number="870" hits="14" branch="false"/>
								<line number="871" hits="14" branch="false"/>
								<line number="872" hits="14" branch="false"/>
								<line number="874" hits="14" branch="false"/>
								<line number="875" hits="14" branch="true" condition-coverage="100% (2/2)">
									<conditions>
										<condition number="0" type="jump" coverage="100%"/>
									</conditions>
								</line>
								<line number="876" hits="7" branch="false"/>
								<line number="877" hits="0" branch="false"/>
								<line number="878" hits="0" branch="false"/>
								<line number="879" hits="0" branch="false"/>
								<line number="880" hits="0" branch="false"/>
								<line number="881" hits="14" branch="false"/>
								<line number="882" hits="0" branch="false"/>
								<line number="883" hits="7" branch="false"/>
							</lines>
						</method>
						<method name="setRead" signature="(Lorg/cc/SimpleMessage;Ljava/lang/String;)Z" line-rate="0.8461538461538461" branch-rate="0.5">
							<lines>
								<line number="485" hits="11" branch="false"/>
								<line number="486" hits="11" branch="false"/>
								<line number="487" hits="11" branch="false"/>
								<line number="488" hits="11" branch="false"/>
								<line number="490" hits="11" branch="false"/>
								<line number="492" hits="11" branch="false"/>
								<line number="493" hits="11" branch="false"/>
								<line number="495" hits="15" branch="true" condition-coverage="50% (1/2)">
									<conditions>
										<condition number="0" type="jump" coverage="50%"/>
									</conditions>
								</line>
								<line number="496" hits="4" branch="false"/>
								<line number="497" hits="4" branch="true" condition-coverage="50% (1/2)">
									<conditions>
										<condition number="0" type="jump" coverage="50%"/>
									</conditions>
								</line>
								<line number="498" hits="4" branch="true" condition-coverage="50% (1/2)">
									<conditions>
										<condition number="0" type="jump" coverage="50%"/>
									</conditions>
								</line>
								<line number="499" hits="8" branch="false"/>
								<line number="500" hits="8" branch="true" condition-coverage="50% (1/2)">
									<conditions>
										<condition number="0" type="jump" coverage="50%"/>
									</conditions>
								</line>
								<line number="501" hits="4" branch="false"/>
								<line number="502" hits="4" branch="false"/>
								<line number="503" hits="4" branch="false"/>
								<line number="504" hits="4" branch="false"/>
								<line number="508" hits="0" branch="false"/>
								<line number="509" hits="7" branch="false"/>
								<line number="510" hits="7" branch="true" condition-coverage="50% (1/2)">
									<conditions>
										<condition number="0" type="jump" coverage="50%"/>
									</conditions>
								</line>
								<line number="511" hits="7" branch="false"/>
								<line number="512" hits="7" branch="false"/>
								<line number="513" hits="0" branch="false"/>
								<line number="514" hits="11" branch="false"/>
								<line number="515" hits="0" branch="false"/>
								<line number="516" hits="0" branch="false"/>
							</lines>
						</method>
						<method name="undateSessionLastRequest" signature="(I)Z" line-rate="0.8888888888888888" branch-rate="0.5">
							<lines>
								<line number="904" hits="14" branch="false"/>
								<line number="905" hits="14" branch="false"/>
								<line number="906" hits="14" branch="false"/>
								<line number="907" hits="14" branch="false"/>
								<line number="909" hits="14" branch="false"/>
								<line number="911" hits="14" branch="false"/>
								<line number="912" hits="14" branch="false"/>
								<line number="913" hits="7" branch="false"/>
								<line number="915" hits="7" branch="false"/>
								<line number="916" hits="7" branch="false"/>
								<line number="917" hits="7" branch="false"/>
								<line number="918" hits="7" branch="false"/>
								<line number="919" hits="7" branch="true" condition-coverage="50% (1/2)">
									<conditions>
										<condition number="0" type="jump" coverage="50%"/>
									</conditions>
								</line>
								<line number="920" hits="7" branch="false"/>
								<line number="921" hits="7" branch="false"/>
								<line number="922" hits="0" branch="false"/>
								<line number="923" hits="14" branch="false"/>
								<line number="924" hits="0" branch="false"/>
							</lines>
						</method>
					</methods>
					<lines>
						<line number="25" hits="0" branch="false"/>
						<line number="26" hits="7" branch="false"/>
						<line number="37" hits="71" branch="false"/>
						<line number="38" hits="71" branch="false"/>
						<line number="39" hits="71" branch="false"/>
						<line number="40" hits="71" branch="false"/>
						<line number="41" hits="71" branch="false"/>
						<line number="44" hits="71" branch="false"/>
						<line number="46" hits="71" branch="true" condition-coverage="100% (2/2)">
							<conditions>
								<condition number="0" type="jump" coverage="100%"/>
							</conditions>
						</line>
						<line number="47" hits="14" branch="false"/>
						<line number="49" hits="57" branch="false"/>
						<line number="51" hits="57" branch="false"/>
						<line number="52" hits="57" branch="false"/>
						<line number="53" hits="57" branch="false"/>
						<line number="54" hits="57" branch="false"/>
						<line number="55" hits="57" branch="false"/>
						<line number="57" hits="57" branch="false"/>
						<line number="58" hits="50" branch="false"/>
						<line number="59" hits="0" branch="false"/>
						<line number="61" hits="50" branch="false"/>
						<line number="62" hits="50" branch="false"/>
						<line number="64" hits="50" branch="false"/>
						<line number="65" hits="50" branch="false"/>
						<line number="66" hits="50" branch="false"/>
						<line number="67" hits="50" branch="false"/>
						<line number="68" hits="50" branch="false"/>
						<line number="69" hits="50" branch="false"/>
						<line number="70" hits="50" branch="false"/>
						<line number="71" hits="50" branch="false"/>
						<line number="73" hits="50" branch="false"/>
						<line number="74" hits="50" branch="false"/>
						<line number="75" hits="50" branch="false"/>
						<line number="76" hits="50" branch="false"/>
						<line number="77" hits="50" branch="false"/>
						<line number="79" hits="50" branch="false"/>
						<line number="80" hits="50" branch="false"/>
						<line number="81" hits="50" branch="false"/>
						<line number="82" hits="50" branch="false"/>
						<line number="83" hits="50" branch="false"/>
						<line number="85" hits="50" branch="false"/>
						<line number="86" hits="50" branch="false"/>
						<line number="87" hits="50" branch="false"/>
						<line number="88" hits="50" branch="false"/>
						<line number="89" hits="50" branch="false"/>
						<line number="91" hits="50" branch="false"/>
						<line number="93" hits="50" branch="false"/>
						<line number="94" hits="50" branch="false"/>
						<line number="95" hits="50" branch="false"/>
						<line number="96" hits="50" branch="false"/>
						<line number="97" hits="50" branch="false"/>
						<line number="98" hits="50" branch="false"/>
						<line number="100" hits="50" branch="false"/>
						<line number="101" hits="50" branch="false"/>
						<line number="102" hits="50" branch="false"/>
						<line number="103" hits="50" branch="false"/>
						<line number="105" hits="50" branch="false"/>
						<line number="106" hits="50" branch="false"/>
						<line number="107" hits="50" branch="false"/>
						<line number="108" hits="50" branch="false"/>
						<line number="109" hits="50" branch="false"/>
						<line number="111" hits="50" branch="false"/>
						<line number="112" hits="50" branch="false"/>
						<line number="113" hits="7" branch="false"/>
						<line number="114" hits="7" branch="true" condition-coverage="50% (1/2)">
							<conditions>
								<condition number="0" type="jump" coverage="50%"/>
							</conditions>
						</line>
						<line number="115" hits="7" branch="false"/>
						<line number="116" hits="7" branch="false"/>
						<line number="117" hits="0" branch="false"/>
						<line number="118" hits="71" branch="false"/>
						<line number="119" hits="0" branch="false"/>
						<line number="120" hits="50" branch="false"/>
						<line number="133" hits="11" branch="false"/>
						<line number="134" hits="11" branch="false"/>
						<line number="135" hits="11" branch="false"/>
						<line number="139" hits="11" branch="false"/>
						<line number="141" hits="11" branch="true" condition-coverage="100% (2/2)">
							<conditions>
								<condition number="0" type="jump" coverage="100%"/>
							</conditions>
						</line>
						<line number="142" hits="7" branch="false"/>
						<line number="144" hits="4" branch="true" condition-coverage="50% (1/2)">
							<conditions>
								<condition number="0" type="jump" coverage="50%"/>
							</conditions>
						</line>
						<line number="145" hits="4" branch="false"/>
						<line number="149" hits="0" branch="false"/>
						<line number="150" hits="0" branch="false"/>
						<line number="151" hits="0" branch="false"/>
						<line number="152" hits="11" branch="false"/>
						<line number="153" hits="0" branch="false"/>
						<line number="154" hits="0" branch="false"/>
						<line number="167" hits="11" branch="false"/>
						<line number="168" hits="11" branch="false"/>
						<line number="169" hits="11" branch="false"/>
						<line number="170" hits="11" branch="false"/>
						<line number="173" hits="11" branch="false"/>
						<line number="174" hits="11" branch="false"/>
						<line number="176" hits="4" branch="false"/>
						<line number="177" hits="8" branch="true" condition-coverage="50% (1/2)">
							<conditions>
								<condition number="0" type="jump" coverage="50%"/>
							</conditions>
						</line>
						<line number="178" hits="4" branch="true" condition-coverage="50% (1/2)">
							<conditions>
								<condition number="0" type="jump" coverage="50%"/>
							</conditions>
						</line>
						<line number="179" hits="4" branch="false"/>
						<line number="180" hits="4" branch="false"/>
						<line number="182" hits="4" branch="false"/>
						<line number="183" hits="4" branch="false"/>
						<line number="184" hits="7" branch="false"/>
						<line number="185" hits="7" branch="false"/>
						<line number="186" hits="0" branch="false"/>
						<line number="187" hits="11" branch="false"/>
						<line number="188" hits="0" branch="false"/>
						<line number="189" hits="4" branch="false"/>
						<line number="203" hits="11" branch="false"/>
						<line number="204" hits="11" branch="false"/>
						<line number="205" hits="11" branch="false"/>
						<line number="206" hits="11" branch="false"/>
						<line number="209" hits="11" branch="false"/>
						<line number="210" hits="11" branch="false"/>
						<line number="212" hits="4" branch="false"/>
						<line number="213" hits="8" branch="true" condition-coverage="50% (1/2)">
							<conditions>
								<condition number="0" type="jump" coverage="50%"/>
							</conditions>
						</line>
						<line number="214" hits="4" branch="true" condition-coverage="50% (1/2)">
							<conditions>
								<condition number="0" type="jump" coverage="50%"/>
							</conditions>
						</line>
						<line number="215" hits="4" branch="false"/>
						<line number="216" hits="4" branch="false"/>
						<line number="219" hits="4" branch="false"/>
						<line number="220" hits="4" branch="false"/>
						<line number="222" hits="14" branch="true" condition-coverage="100% (2/2)">
							<conditions>
								<condition number="0" type="jump" coverage="100%"/>
							</conditions>
						</line>
						<line number="223" hits="6" branch="false"/>
						<line number="224" hits="6" branch="false"/>
						<line number="226" hits="6" branch="false"/>
						<line number="227" hits="6" branch="false"/>
						<line number="228" hits="6" branch="false"/>
						<line number="229" hits="6" branch="true" condition-coverage="50% (1/2)">
							<conditions>
								<condition number="0" type="jump" coverage="50%"/>
							</conditions>
						</line>
						<line number="231" hits="0" branch="false"/>
						<line number="232" hits="0" branch="false"/>
						<line number="233" hits="0" branch="false"/>
						<line number="234" hits="0" branch="true" condition-coverage="0% (0/2)">
							<conditions>
								<condition number="0" type="jump" coverage="0%"/>
							</conditions>
						</line>
						<line number="235" hits="0" branch="false"/>
						<line number="236" hits="0" branch="false"/>
						<line number="237" hits="0" branch="false"/>
						<line number="238" hits="0" branch="false"/>
						<line number="240" hits="6" branch="false"/>
						<line number="241" hits="6" branch="false"/>
						<line number="242" hits="6" branch="false"/>
						<line number="243" hits="18" branch="true" condition-coverage="100% (2/2)">
							<conditions>
								<condition number="0" type="jump" coverage="100%"/>
							</conditions>
						</line>
						<line number="244" hits="6" branch="true" condition-coverage="50% (1/2)">
							<conditions>
								<condition number="0" type="jump" coverage="50%"/>
							</conditions>
						</line>
						<line number="245" hits="0" branch="false"/>
						<line number="247" hits="6" branch="false"/>
						<line number="250" hits="4" branch="false"/>
						<line number="251" hits="8" branch="false"/>
						<line number="252" hits="4" branch="false"/>
						<line number="253" hits="4" branch="false"/>
						<line number="254" hits="7" branch="false"/>
						<line number="255" hits="7" branch="false"/>
						<line number="256" hits="0" branch="false"/>
						<line number="257" hits="11" branch="false"/>
						<line number="258" hits="0" branch="false"/>
						<line number="259" hits="4" branch="false"/>
						<line number="271" hits="31" branch="false"/>
						<line number="272" hits="31" branch="false"/>
						<line number="273" hits="31" branch="false"/>
						<line number="277" hits="31" branch="false"/>
						<line number="278" hits="31" branch="false"/>
						<line number="280" hits="24" branch="false"/>
						<line number="282" hits="122" branch="true" condition-coverage="100% (2/2)">
							<conditions>
								<condition number="0" type="jump" coverage="100%"/>
							</conditions>
						</line>
						<line number="283" hits="74" branch="false"/>
						<line number="284" hits="74" branch="false"/>
						<line number="285" hits="74" branch="false"/>
						<line number="286" hits="74" branch="false"/>
						<line number="288" hits="176" branch="true" condition-coverage="100% (2/2)">
							<conditions>
								<condition number="0" type="jump" coverage="100%"/>
							</conditions>
						</line>
						<line number="289" hits="28" branch="false"/>
						<line number="290" hits="28" branch="false"/>
						<line number="292" hits="28" branch="false"/>
						<line number="293" hits="28" branch="false"/>
						<line number="294" hits="28" branch="false"/>
						<line number="295" hits="28" branch="true" condition-coverage="100% (2/2)">
							<conditions>
								<condition number="0" type="jump" coverage="100%"/>
							</conditions>
						</line>
						<line number="297" hits="4" branch="false"/>
						<line number="298" hits="4" branch="false"/>
						<line number="299" hits="4" branch="false"/>
						<line number="300" hits="12" branch="true" condition-coverage="100% (2/2)">
							<conditions>
								<condition number="0" type="jump" coverage="100%"/>
							</conditions>
						</line>
						<line number="301" hits="4" branch="false"/>
						<line number="302" hits="4" branch="false"/>
						<line number="303" hits="4" branch="false"/>
						<line number="304" hits="4" branch="false"/>
						<line number="306" hits="24" branch="false"/>
						<line number="307" hits="24" branch="false"/>
						<line number="308" hits="24" branch="false"/>
						<line number="309" hits="72" branch="true" condition-coverage="100% (2/2)">
							<conditions>
								<condition number="0" type="jump" coverage="100%"/>
							</conditions>
						</line>
						<line number="310" hits="24" branch="true" condition-coverage="50% (1/2)">
							<conditions>
								<condition number="0" type="jump" coverage="50%"/>
							</conditions>
						</line>
						<line number="311" hits="24" branch="false"/>
						<line number="313" hits="28" branch="false"/>
						<line number="316" hits="74" branch="false"/>
						<line number="317" hits="74" branch="false"/>
						<line number="318" hits="74" branch="false"/>
						<line number="320" hits="48" branch="false"/>
						<line number="321" hits="7" branch="false"/>
						<line number="322" hits="7" branch="false"/>
						<line number="323" hits="7" branch="false"/>
						<line number="324" hits="0" branch="false"/>
						<line number="325" hits="31" branch="false"/>
						<line number="326" hits="0" branch="false"/>
						<line number="340" hits="15" branch="false"/>
						<line number="341" hits="15" branch="false"/>
						<line number="342" hits="15" branch="false"/>
						<line number="343" hits="15" branch="false"/>
						<line number="344" hits="15" branch="false"/>
						<line number="346" hits="15" branch="false"/>
						<line number="348" hits="8" branch="false"/>
						<line number="350" hits="8" branch="false"/>
						<line number="351" hits="8" branch="false"/>
						<line number="353" hits="8" branch="false"/>
						<line number="354" hits="8" branch="false"/>
						<line number="355" hits="8" branch="false"/>
						<line number="357" hits="40" branch="true" condition-coverage="100% (2/2)">
							<conditions>
								<condition number="0" type="jump" coverage="100%"/>
							</conditions>
						</line>
						<line number="358" hits="24" branch="true" condition-coverage="100% (2/2)">
							<conditions>
								<condition number="0" type="jump" coverage="100%"/>
							</conditions>
						</line>
						<line number="359" hits="8" branch="false"/>
						<line number="360" hits="24" branch="true" condition-coverage="100% (2/2)">
							<conditions>
								<condition number="0" type="jump" coverage="100%"/>
							</conditions>
						</line>
						<line number="361" hits="8" branch="false"/>
						<line number="364" hits="8" branch="false"/>
						<line number="365" hits="8" branch="false"/>
						<line number="366" hits="8" branch="false"/>
						<line number="367" hits="8" branch="false"/>
						<line number="368" hits="8" branch="false"/>
						<line number="369" hits="8" branch="false"/>
						<line number="371" hits="8" branch="false"/>
						<line number="372" hits="8" branch="false"/>
						<line number="373" hits="8" branch="false"/>
						<line number="375" hits="20" branch="true" condition-coverage="100% (2/2)">
							<conditions>
								<condition number="0" type="jump" coverage="100%"/>
							</conditions>
						</line>
						<line number="376" hits="12" branch="false"/>
						<line number="378" hits="12" branch="true" condition-coverage="75% (3/4)">
							<conditions>
								<condition number="0" type="jump" coverage="50%"/>
								<condition number="1" type="jump" coverage="100%"/>
							</conditions>
						</line>
						<line number="379" hits="8" branch="true" condition-coverage="50% (1/2)">
							<conditions>
								<condition number="0" type="jump" coverage="50%"/>
							</conditions>
						</line>
						<line number="381" hits="4" branch="false"/>
						<line number="382" hits="4" branch="false"/>
						<line number="383" hits="4" branch="false"/>
						<line number="384" hits="4" branch="false"/>
						<line number="385" hits="8" branch="false"/>
						<line number="386" hits="4" branch="false"/>
						<line number="387" hits="4" branch="false"/>
						<line number="388" hits="4" branch="false"/>
						<line number="389" hits="4" branch="false"/>
						<line number="390" hits="4" branch="false"/>
						<line number="391" hits="4" branch="false"/>
						<line number="392" hits="4" branch="false"/>
						<line number="393" hits="4" branch="false"/>
						<line number="395" hits="4" branch="false"/>
						<line number="396" hits="4" branch="false"/>
						<line number="397" hits="4" branch="false"/>
						<line number="398" hits="4" branch="false"/>
						<line number="399" hits="4" branch="false"/>
						<line number="400" hits="4" branch="false"/>
						<line number="401" hits="4" branch="false"/>
						<line number="402" hits="4" branch="false"/>
						<line number="404" hits="4" branch="false"/>
						<line number="405" hits="4" branch="false"/>
						<line number="406" hits="4" branch="false"/>
						<line number="407" hits="4" branch="false"/>
						<line number="409" hits="4" branch="false"/>
						<line number="410" hits="4" branch="false"/>
						<line number="411" hits="4" branch="false"/>
						<line number="412" hits="4" branch="false"/>
						<line number="413" hits="4" branch="false"/>
						<line number="414" hits="4" branch="false"/>
						<line number="416" hits="8" branch="false"/>
						<line number="418" hits="8" branch="true" condition-coverage="50% (1/2)">
							<conditions>
								<condition number="0" type="jump" coverage="50%"/>
							</conditions>
						</line>
						<line number="419" hits="8" branch="false"/>
						<line number="420" hits="8" branch="false"/>
						<line number="421" hits="8" branch="false"/>
						<line number="422" hits="8" branch="false"/>
						<line number="423" hits="8" branch="false"/>
						<line number="424" hits="8" branch="false"/>
						<line number="426" hits="8" branch="false"/>
						<line number="427" hits="8" branch="false"/>
						<line number="428" hits="8" branch="false"/>
						<line number="429" hits="8" branch="false"/>
						<line number="430" hits="8" branch="false"/>
						<line number="433" hits="8" branch="false"/>
						<line number="434" hits="8" branch="false"/>
						<line number="435" hits="40" branch="true" condition-coverage="100% (2/2)">
							<conditions>
								<condition number="0" type="jump" coverage="100%"/>
							</conditions>
						</line>
						<line number="436" hits="24" branch="true" condition-coverage="100% (2/2)">
							<conditions>
								<condition number="0" type="jump" coverage="100%"/>
							</conditions>
						</line>
						<line number="437" hits="8" branch="false"/>
						<line number="440" hits="8" branch="false"/>
						<line number="441" hits="8" branch="false"/>
						<line number="442" hits="8" branch="false"/>
						<line number="443" hits="8" branch="false"/>
						<line number="445" hits="8" branch="false"/>
						<line number="446" hits="8" branch="false"/>
						<line number="447" hits="8" branch="false"/>
						<line number="448" hits="8" branch="false"/>
						<line number="449" hits="8" branch="false"/>
						<line number="452" hits="8" branch="false"/>
						<line number="454" hits="8" branch="false"/>
						<line number="455" hits="8" branch="true" condition-coverage="50% (1/2)">
							<conditions>
								<condition number="0" type="jump" coverage="50%"/>
							</conditions>
						</line>
						<line number="456" hits="8" branch="false"/>
						<line number="457" hits="8" branch="false"/>
						<line number="458" hits="8" branch="false"/>
						<line number="459" hits="0" branch="false"/>
						<line number="461" hits="8" branch="false"/>
						<line number="462" hits="16" branch="false"/>
						<line number="464" hits="7" branch="false"/>
						<line number="465" hits="7" branch="false"/>
						<line number="466" hits="7" branch="true" condition-coverage="50% (1/2)">
							<conditions>
								<condition number="0" type="jump" coverage="50%"/>
							</conditions>
						</line>
						<line number="467" hits="0" branch="false"/>
						<line number="468" hits="7" branch="false"/>
						<line number="469" hits="0" branch="false"/>
						<line number="471" hits="15" branch="false"/>
						<line number="472" hits="0" branch="false"/>
						<line number="485" hits="11" branch="false"/>
						<line number="486" hits="11" branch="false"/>
						<line number="487" hits="11" branch="false"/>
						<line number="488" hits="11" branch="false"/>
						<line number="490" hits="11" branch="false"/>
						<line number="492" hits="11" branch="false"/>
						<line number="493" hits="11" branch="false"/>
						<line number="495" hits="15" branch="true" condition-coverage="50% (1/2)">
							<conditions>
								<condition number="0" type="jump" coverage="50%"/>
							</conditions>
						</line>
						<line number="496" hits="4" branch="false"/>
						<line number="497" hits="4" branch="true" condition-coverage="50% (1/2)">
							<conditions>
								<condition number="0" type="jump" coverage="50%"/>
							</conditions>
						</line>
						<line number="498" hits="4" branch="true" condition-coverage="50% (1/2)">
							<conditions>
								<condition number="0" type="jump" coverage="50%"/>
							</conditions>
						</line>
						<line number="499" hits="8" branch="false"/>
						<line number="500" hits="8" branch="true" condition-coverage="50% (1/2)">
							<conditions>
								<condition number="0" type="jump" coverage="50%"/>
							</conditions>
						</line>
						<line number="501" hits="4" branch="false"/>
						<line number="502" hits="4" branch="false"/>
						<line number="503" hits="4" branch="false"/>
						<line number="504" hits="4" branch="false"/>
						<line number="508" hits="0" branch="false"/>
						<line number="509" hits="7" branch="false"/>
						<line number="510" hits="7" branch="true" condition-coverage="50% (1/2)">
							<conditions>
								<condition number="0" type="jump" coverage="50%"/>
							</conditions>
						</line>
						<line number="511" hits="7" branch="false"/>
						<line number="512" hits="7" branch="false"/>
						<line number="513" hits="0" branch="false"/>
						<line number="514" hits="11" branch="false"/>
						<line number="515" hits="0" branch="false"/>
						<line number="516" hits="0" branch="false"/>
						<line number="529" hits="10" branch="false"/>
						<line number="530" hits="10" branch="false"/>
						<line number="531" hits="10" branch="false"/>
						<line number="532" hits="10" branch="false"/>
						<line number="534" hits="10" branch="false"/>
						<line number="536" hits="10" branch="false"/>
						<line number="537" hits="10" branch="false"/>
						<line number="539" hits="10" branch="false"/>
						<line number="540" hits="13" branch="true" condition-coverage="50% (1/2)">
							<conditions>
								<condition number="0" type="jump" coverage="50%"/>
							</conditions>
						</line>
						<line number="541" hits="3" branch="true" condition-coverage="50% (1/2)">
							<conditions>
								<condition number="0" type="jump" coverage="50%"/>
							</conditions>
						</line>
						<line number="542" hits="3" branch="false"/>
						<line number="543" hits="3" branch="false"/>
						<line number="546" hits="6" branch="true" condition-coverage="50% (1/2)">
							<conditions>
								<condition number="0" type="jump" coverage="50%"/>
							</conditions>
						</line>
						<line number="547" hits="3" branch="false"/>
						<line number="548" hits="3" branch="true" condition-coverage="50% (1/2)">
							<conditions>
								<condition number="0" type="jump" coverage="50%"/>
							</conditions>
						</line>
						<line number="549" hits="3" branch="true" condition-coverage="50% (1/2)">
							<conditions>
								<condition number="0" type="jump" coverage="50%"/>
							</conditions>
						</line>
						<line number="550" hits="6" branch="false"/>
						<line number="551" hits="6" branch="true" condition-coverage="50% (1/2)">
							<conditions>
								<condition number="0" type="jump" coverage="50%"/>
							</conditions>
						</line>
						<line number="552" hits="3" branch="false"/>
						<line number="553" hits="3" branch="false"/>
						<line number="554" hits="3" branch="false"/>
						<line number="555" hits="3" branch="false"/>
						<line number="559" hits="3" branch="false"/>
						<line number="560" hits="3" branch="true" condition-coverage="50% (1/2)">
							<conditions>
								<condition number="0" type="jump" coverage="50%"/>
							</conditions>
						</line>
						<line number="562" hits="3" branch="false"/>
						<line number="563" hits="9" branch="true" condition-coverage="100% (2/2)">
							<conditions>
								<condition number="0" type="jump" coverage="100%"/>
							</conditions>
						</line>
						<line number="564" hits="3" branch="false"/>
						<line number="565" hits="3" branch="false"/>
						<line number="567" hits="3" branch="false"/>
						<line number="568" hits="3" branch="false"/>
						<line number="569" hits="7" branch="false"/>
[...]
						<line number="824" hits="42" branch="false"/>
						<line number="825" hits="0" branch="false"/>
						<line number="829" hits="11" branch="false"/>
						<line number="830" hits="11" branch="false"/>
						<line number="831" hits="11" branch="false"/>
						<line number="832" hits="11" branch="false"/>
						<line number="834" hits="11" branch="false"/>
						<line number="835" hits="11" branch="true" condition-coverage="50% (1/2)">
							<conditions>
								<condition number="0" type="jump" coverage="50%"/>
							</conditions>
						</line>
						<line number="836" hits="0" branch="false"/>
						<line number="837" hits="0" branch="false"/>
						<line number="838" hits="0" branch="false"/>
						<line number="839" hits="0" branch="false"/>
						<line number="840" hits="0" branch="false"/>
						<line number="841" hits="11" branch="false"/>
						<line number="842" hits="0" branch="false"/>
						<line number="843" hits="11" branch="false"/>
						<line number="847" hits="35" branch="false"/>
						<line number="848" hits="35" branch="false"/>
						<line number="849" hits="35" branch="false"/>
						<line number="850" hits="35" branch="false"/>
						<line number="852" hits="35" branch="false"/>
						<line number="854" hits="35" branch="false"/>
						<line number="855" hits="35" branch="false"/>
						<line number="857" hits="35" branch="false"/>
						<line number="858" hits="35" branch="false"/>
						<line number="859" hits="0" branch="false"/>
						<line number="860" hits="0" branch="false"/>
						<line number="861" hits="0" branch="true" condition-coverage="0% (0/2)">
							<conditions>
								<condition number="0" type="jump" coverage="0%"/>
							</conditions>
						</line>
						<line number="862" hits="0" branch="false"/>
						<line number="863" hits="0" branch="false"/>
						<line number="864" hits="0" branch="false"/>
						<line number="865" hits="35" branch="false"/>
						<line number="866" hits="0" branch="false"/>
						<line number="870" hits="14" branch="false"/>
						<line number="871" hits="14" branch="false"/>
						<line number="872" hits="14" branch="false"/>
						<line number="874" hits="14" branch="false"/>
						<line number="875" hits="14" branch="true" condition-coverage="100% (2/2)">
							<conditions>
								<condition number="0" type="jump" coverage="100%"/>
							</conditions>
						</line>
						<line number="876" hits="7" branch="false"/>
						<line number="877" hits="0" branch="false"/>
						<line number="878" hits="0" branch="false"/>
						<line number="879" hits="0" branch="false"/>
						<line number="880" hits="0" branch="false"/>
						<line number="881" hits="14" branch="false"/>
						<line number="882" hits="0" branch="false"/>
						<line number="883" hits="7" branch="false"/>
						<line number="888" hits="3" branch="false"/>
						<line number="889" hits="3" branch="false"/>
						<line number="890" hits="3" branch="false"/>
						<line number="893" hits="3" branch="false"/>
						<line number="894" hits="3" branch="false"/>
						<line number="895" hits="0" branch="false"/>
						<line number="896" hits="0" branch="false"/>
						<line number="897" hits="0" branch="false"/>
						<line number="898" hits="3" branch="false"/>
						<line number="899" hits="0" branch="false"/>
						<line number="900" hits="3" branch="false"/>
						<line number="904" hits="14" branch="false"/>
						<line number="905" hits="14" branch="false"/>
						<line number="906" hits="14" branch="false"/>
						<line number="907" hits="14" branch="false"/>
						<line number="909" hits="14" branch="false"/>
						<line number="911" hits="14" branch="false"/>
						<line number="912" hits="14" branch="false"/>
						<line number="913" hits="7" branch="false"/>
						<line number="915" hits="7" branch="false"/>
						<line number="916" hits="7" branch="false"/>
						<line number="917" hits="7" branch="false"/>
						<line number="918" hits="7" branch="false"/>
						<line number="919" hits="7" branch="true" condition-coverage="50% (1/2)">
							<conditions>
								<condition number="0" type="jump" coverage="50%"/>
							</conditions>
						</line>
						<line number="920" hits="7" branch="false"/>
						<line number="921" hits="7" branch="false"/>
						<line number="922" hits="0" branch="false"/>
						<line number="923" hits="14" branch="false"/>
						<line number="924" hits="0" branch="false"/>
					</lines>
				</class>
				<class name="org.dms.MessToFold" filename="org/dms/MessToFold.java" line-rate="1.0" branch-rate="1.0" complexity="1.0">
					<methods>
						<method name="&lt;init&gt;" signature="()V" line-rate="1.0" branch-rate="1.0">
							<lines>
								<line number="33" hits="505" branch="false"/>
								<line number="34" hits="505" branch="false"/>
							</lines>
						</method>
						<method name="getFolder" signature="()Lorg/dms/Folder;" line-rate="1.0" branch-rate="1.0">
							<lines>
								<line number="53" hits="7" branch="false"/>
							</lines>
						</method>
						<method name="getId" signature="()Ljava/lang/Integer;" line-rate="1.0" branch-rate="1.0">
							<lines>
								<line number="37" hits="21" branch="false"/>
							</lines>
						</method>
						<method name="getMessage" signature="()Lorg/dms/Message;" line-rate="1.0" branch-rate="1.0">
							<lines>
								<line number="45" hits="53" branch="false"/>
							</lines>
						</method>
						<method name="setFolder" signature="(Lorg/dms/Folder;)V" line-rate="1.0" branch-rate="1.0">
							<lines>
								<line number="57" hits="84" branch="false"/>
								<line number="58" hits="84" branch="false"/>
							</lines>
						</method>
						<method name="setId" signature="(Ljava/lang/Integer;)V" line-rate="1.0" branch-rate="1.0">
							<lines>
								<line number="41" hits="21" branch="false"/>
								<line number="42" hits="21" branch="false"/>
							</lines>
						</method>
						<method name="setMessage" signature="(Lorg/dms/Message;)V" line-rate="1.0" branch-rate="1.0">
							<lines>
								<line number="49" hits="77" branch="false"/>
								<line number="50" hits="77" branch="false"/>
							</lines>
						</method>
					</methods>
					<lines>
						<line number="33" hits="505" branch="false"/>
						<line number="34" hits="505" branch="false"/>
						<line number="37" hits="21" branch="false"/>
						<line number="41" hits="21" branch="false"/>
						<line number="42" hits="21" branch="false"/>
						<line number="45" hits="53" branch="false"/>
						<line number="49" hits="77" branch="false"/>
						<line number="50" hits="77" branch="false"/>
						<line number="53" hits="7" branch="false"/>
						<line number="57" hits="84" branch="false"/>
						<line number="58" hits="84" branch="false"/>
					</lines>
				</class>
				<class name="org.dms.MessToMail" filename="org/dms/MessToMail.java" line-rate="1.0" branch-rate="1.0" complexity="1.0">
					<methods>
						<method name="&lt;init&gt;" signature="()V" line-rate="1.0" branch-rate="1.0">
							<lines>
								<line number="19" hits="497" branch="false"/>
							</lines>
						</method>
						<method name="getId" signature="()Ljava/lang/Integer;" line-rate="1.0" branch-rate="1.0">
							<lines>
								<line number="37" hits="14" branch="false"/>
							</lines>
						</method>
						<method name="getMessage" signature="()Lorg/dms/Message;" line-rate="1.0" branch-rate="1.0">
							<lines>
								<line number="45" hits="11" branch="false"/>
							</lines>
						</method>
						<method name="getRead" signature="()Ljava/lang/Boolean;" line-rate="1.0" branch-rate="1.0">
							<lines>
								<line number="61" hits="38" branch="false"/>
							</lines>
						</method>
						<method name="getTo" signature="()Lorg/dms/Email;" line-rate="1.0" branch-rate="1.0">
							<lines>
								<line number="53" hits="41" branch="false"/>
							</lines>
						</method>
						<method name="setId" signature="(Ljava/lang/Integer;)V" line-rate="1.0" branch-rate="1.0">
							<lines>
								<line number="41" hits="14" branch="false"/>
								<line number="42" hits="14" branch="false"/>
							</lines>
						</method>
						<method name="setMessage" signature="(Lorg/dms/Message;)V" line-rate="1.0" branch-rate="1.0">
							<lines>
								<line number="49" hits="69" branch="false"/>
								<line number="50" hits="69" branch="false"/>
							</lines>
						</method>
						<method name="setRead" signature="(Ljava/lang/Boolean;)V" line-rate="1.0" branch-rate="1.0">
							<lines>
								<line number="65" hits="80" branch="false"/>
								<line number="66" hits="80" branch="false"/>
							</lines>
						</method>
						<method name="setTo" signature="(Lorg/dms/Email;)V" line-rate="1.0" branch-rate="1.0">
							<lines>
								<line number="57" hits="69" branch="false"/>
								<line number="58" hits="69" branch="false"/>
							</lines>
						</method>
					</methods>
					<lines>
						<line number="19" hits="497" branch="false"/>
						<line number="37" hits="14" branch="false"/>
						<line number="41" hits="14" branch="false"/>
						<line number="42" hits="14" branch="false"/>
						<line number="45" hits="11" branch="false"/>
						<line number="49" hits="69" branch="false"/>
						<line number="50" hits="69" branch="false"/>
						<line number="53" hits="41" branch="false"/>
						<line number="57" hits="69" branch="false"/>
						<line number="58" hits="69" branch="false"/>
						<line number="61" hits="38" branch="false"/>
						<line number="65" hits="80" branch="false"/>
						<line number="66" hits="80" branch="false"/>
					</lines>
				</class>
				<class name="org.dms.Message" filename="org/dms/Message.java" line-rate="1.0" branch-rate="1.0" complexity="1.0">
					<methods>
						<method name="&lt;init&gt;" signature="()V" line-rate="1.0" branch-rate="1.0">
							<lines>
								<line number="25" hits="536" branch="false"/>
							</lines>
						</method>
						<method name="getAbout" signature="()Ljava/lang/String;" line-rate="1.0" branch-rate="1.0">
							<lines>
								<line number="76" hits="62" branch="false"/>
							</lines>
						</method>
						<method name="getEmail" signature="()Lorg/dms/Email;" line-rate="1.0" branch-rate="1.0">
							<lines>
								<line number="60" hits="71" branch="false"/>
							</lines>
						</method>
						<method name="getId" signature="()Ljava/lang/Integer;" line-rate="1.0" branch-rate="1.0">
							<lines>
								<line number="52" hits="7" branch="false"/>
							</lines>
						</method>
						<method name="getMessToFolds" signature="()Ljava/util/List;" line-rate="1.0" branch-rate="1.0">
							<lines>
								<line number="92" hits="12" branch="false"/>
							</lines>
						</method>
						<method name="getMessToMails" signature="()Ljava/util/List;" line-rate="1.0" branch-rate="1.0">
							<lines>
								<line number="100" hits="46" branch="false"/>
							</lines>
						</method>
						<method name="getSentDate" signature="()Ljava/util/Date;" line-rate="1.0" branch-rate="1.0">
							<lines>
								<line number="68" hits="55" branch="false"/>
							</lines>
						</method>
						<method name="getText" signature="()Ljava/lang/String;" line-rate="1.0" branch-rate="1.0">
							<lines>
								<line number="84" hits="69" branch="false"/>
							</lines>
						</method>
						<method name="setAbout" signature="(Ljava/lang/String;)V" line-rate="1.0" branch-rate="1.0">
							<lines>
								<line number="80" hits="76" branch="false"/>
								<line number="81" hits="76" branch="false"/>
							</lines>
						</method>
						<method name="setEmail" signature="(Lorg/dms/Email;)V" line-rate="1.0" branch-rate="1.0">
							<lines>
								<line number="64" hits="69" branch="false"/>
								<line number="65" hits="69" branch="false"/>
							</lines>
						</method>
						<method name="setId" signature="(Ljava/lang/Integer;)V" line-rate="1.0" branch-rate="1.0">
							<lines>
								<line number="56" hits="7" branch="false"/>
								<line number="57" hits="7" branch="false"/>
							</lines>
						</method>
						<method name="setMessToFolds" signature="(Ljava/util/List;)V" line-rate="1.0" branch-rate="1.0">
							<lines>
								<line number="96" hits="7" branch="false"/>
								<line number="97" hits="7" branch="false"/>
							</lines>
						</method>
						<method name="setMessToMails" signature="(Ljava/util/List;)V" line-rate="1.0" branch-rate="1.0">
							<lines>
								<line number="104" hits="7" branch="false"/>
								<line number="105" hits="7" branch="false"/>
							</lines>
						</method>
						<method name="setSentDate" signature="(Ljava/util/Date;)V" line-rate="1.0" branch-rate="1.0">
							<lines>
								<line number="72" hits="69" branch="false"/>
								<line number="73" hits="69" branch="false"/>
							</lines>
						</method>
						<method name="setText" signature="(Ljava/lang/String;)V" line-rate="1.0" branch-rate="1.0">
							<lines>
								<line number="88" hits="83" branch="false"/>
								<line number="89" hits="83" branch="false"/>
							</lines>
						</method>
					</methods>
					<lines>
						<line number="25" hits="536" branch="false"/>
						<line number="52" hits="7" branch="false"/>
						<line number="56" hits="7" branch="false"/>
						<line number="57" hits="7" branch="false"/>
						<line number="60" hits="71" branch="false"/>
						<line number="64" hits="69" branch="false"/>
						<line number="65" hits="69" branch="false"/>
						<line number="68" hits="55" branch="false"/>
						<line number="72" hits="69" branch="false"/>
						<line number="73" hits="69" branch="false"/>
						<line number="76" hits="62" branch="false"/>
						<line number="80" hits="76" branch="false"/>
						<line number="81" hits="76" branch="false"/>
						<line number="84" hits="69" branch="false"/>
						<line number="88" hits="83" branch="false"/>
						<line number="89" hits="83" branch="false"/>
						<line number="92" hits="12" branch="false"/>
						<line number="96" hits="7" branch="false"/>
						<line number="97" hits="7" branch="false"/>
						<line number="100" hits="46" branch="false"/>
						<line number="104" hits="7" branch="false"/>
						<line number="105" hits="7" branch="false"/>
					</lines>
				</class>
				<class name="org.dms.Session" filename="org/dms/Session.java" line-rate="1.0" branch-rate="1.0" complexity="1.0">
					<methods>
						<method name="&lt;init&gt;" signature="()V" line-rate="1.0" branch-rate="1.0">
							<lines>
								<line number="20" hits="136" branch="false"/>
							</lines>
						</method>
						<method name="getId" signature="()Ljava/lang/Integer;" line-rate="1.0" branch-rate="1.0">
							<lines>
								<line number="33" hits="7" branch="false"/>
							</lines>
						</method>
						<method name="getMail" signature="()Ljava/lang/String;" line-rate="1.0" branch-rate="1.0">
							<lines>
								<line number="41" hits="18" branch="false"/>
							</lines>
						</method>
						<method name="getTime" signature="()Ljava/util/Date;" line-rate="1.0" branch-rate="1.0">
							<lines>
								<line number="49" hits="7" branch="false"/>
							</lines>
						</method>
						<method name="setId" signature="(Ljava/lang/Integer;)V" line-rate="1.0" branch-rate="1.0">
							<lines>
								<line number="37" hits="49" branch="false"/>
								<line number="38" hits="49" branch="false"/>
							</lines>
						</method>
						<method name="setMail" signature="(Ljava/lang/String;)V" line-rate="1.0" branch-rate="1.0">
							<lines>
								<line number="45" hits="49" branch="false"/>
								<line number="46" hits="49" branch="false"/>
							</lines>
						</method>
						<method name="setTime" signature="(Ljava/util/Date;)V" line-rate="1.0" branch-rate="1.0">
							<lines>
								<line number="53" hits="56" branch="false"/>
								<line number="54" hits="56" branch="false"/>
							</lines>
						</method>
					</methods>
					<lines>
						<line number="20" hits="136" branch="false"/>
						<line number="33" hits="7" branch="false"/>
						<line number="37" hits="49" branch="false"/>
						<line number="38" hits="49" branch="false"/>
						<line number="41" hits="18" branch="false"/>
						<line number="45" hits="49" branch="false"/>
						<line number="46" hits="49" branch="false"/>
						<line number="49" hits="7" branch="false"/>
						<line number="53" hits="56" branch="false"/>
						<line number="54" hits="56" branch="false"/>
					</lines>
				</class>
				<class name="org.dms.User" filename="org/dms/User.java" line-rate="1.0" branch-rate="1.0" complexity="1.0">
					<methods>
						<method name="&lt;init&gt;" signature="()V" line-rate="1.0" branch-rate="1.0">
							<lines>
								<line number="23" hits="654" branch="false"/>
							</lines>
						</method>
						<method name="getBirthDate" signature="()Ljava/util/Date;" line-rate="1.0" branch-rate="1.0">
							<lines>
								<line number="70" hits="7" branch="false"/>
							</lines>
						</method>
						<method name="getFirstName" signature="()Ljava/lang/String;" line-rate="1.0" branch-rate="1.0">
							<lines>
								<line number="54" hits="14" branch="false"/>
							</lines>
						</method>
						<method name="getId" signature="()Ljava/lang/Integer;" line-rate="1.0" branch-rate="1.0">
							<lines>
								<line number="46" hits="7" branch="false"/>
							</lines>
						</method>
						<method name="getLastName" signature="()Ljava/lang/String;" line-rate="1.0" branch-rate="1.0">
							<lines>
								<line number="62" hits="7" branch="false"/>
							</lines>
						</method>
						<method name="getPhone" signature="()Ljava/lang/String;" line-rate="1.0" branch-rate="1.0">
							<lines>
								<line number="78" hits="7" branch="false"/>
							</lines>
						</method>
						<method name="setBirthDate" signature="(Ljava/util/Date;)V" line-rate="1.0" branch-rate="1.0">
							<lines>
								<line number="74" hits="57" branch="false"/>
								<line number="75" hits="57" branch="false"/>
							</lines>
						</method>
						<method name="setFirstName" signature="(Ljava/lang/String;)V" line-rate="1.0" branch-rate="1.0">
							<lines>
								<line number="58" hits="71" branch="false"/>
								<line number="59" hits="71" branch="false"/>
							</lines>
						</method>
						<method name="setId" signature="(Ljava/lang/Integer;)V" line-rate="1.0" branch-rate="1.0">
							<lines>
								<line number="50" hits="7" branch="false"/>
								<line number="51" hits="7" branch="false"/>
							</lines>
						</method>
						<method name="setLastName" signature="(Ljava/lang/String;)V" line-rate="1.0" branch-rate="1.0">
							<lines>
								<line number="66" hits="64" branch="false"/>
								<line number="67" hits="64" branch="false"/>
							</lines>
						</method>
						<method name="setPhone" signature="(Ljava/lang/String;)V" line-rate="1.0" branch-rate="1.0">
							<lines>
								<line number="82" hits="57" branch="false"/>
								<line number="83" hits="57" branch="false"/>
							</lines>
						</method>
					</methods>
					<lines>
						<line number="23" hits="654" branch="false"/>
						<line number="46" hits="7" branch="false"/>
						<line number="50" hits="7" branch="false"/>
						<line number="51" hits="7" branch="false"/>
						<line number="54" hits="14" branch="false"/>
						<line number="58" hits="71" branch="false"/>
						<line number="59" hits="71" branch="false"/>
						<line number="62" hits="7" branch="false"/>
						<line number="66" hits="64" branch="false"/>
						<line number="67" hits="64" branch="false"/>
						<line number="70" hits="7" branch="false"/>
						<line number="74" hits="57" branch="false"/>
						<line number="75" hits="57" branch="false"/>
						<line number="78" hits="7" branch="false"/>
						<line number="82" hits="57" branch="false"/>
						<line number="83" hits="57" branch="false"/>
					</lines>
				</class>
			</classes>
		</package>
	</packages>
</coverage>
